{"numFailedTestSuites":0,"numFailedTests":0,"numPassedTestSuites":1,"numPassedTests":1,"numPendingTestSuites":0,"numPendingTests":0,"numRuntimeErrorTestSuites":0,"numTodoTests":0,"numTotalTestSuites":1,"numTotalTests":1,"openHandles":[],"snapshot":{"added":0,"didUpdate":false,"failure":false,"filesAdded":0,"filesRemoved":0,"filesRemovedList":[],"filesUnmatched":0,"filesUpdated":0,"matched":0,"total":0,"unchecked":0,"uncheckedKeysByFile":[],"unmatched":0,"updated":0},"startTime":1641362754573,"success":true,"testResults":[{"assertionResults":[{"ancestorTitles":["On receiving a user registration event"],"failureMessages":[],"fullName":"On receiving a user registration event sums 2 numbers correctly","location":{"column":3,"line":9},"status":"passed","title":"sums 2 numbers correctly"}],"endTime":1641362754929,"message":"","name":"/Users/anirudh/quizizz/mail-service/tests/unit/user-events/registration/service.spec.ts","startTime":1641362754636,"status":"passed","summary":""}],"wasInterrupted":false,"coverageMap":{"/Users/anirudh/quizizz/mail-service/src/domains/user.ts":{"path":"/Users/anirudh/quizizz/mail-service/src/domains/user.ts","statementMap":{"0":{"start":{"line":1,"column":0},"end":{"line":1,"column":13}}},"fnMap":{},"branchMap":{},"s":{"0":0},"f":{},"b":{}},"/Users/anirudh/quizizz/mail-service/src/core/beans/index.ts":{"path":"/Users/anirudh/quizizz/mail-service/src/core/beans/index.ts","statementMap":{"0":{"start":{"line":1,"column":0},"end":{"line":31,"column":2}}},"fnMap":{},"branchMap":{},"s":{"0":0},"f":{},"b":{}},"/Users/anirudh/quizizz/mail-service/src/core/secrets-vault/common.ts":{"path":"/Users/anirudh/quizizz/mail-service/src/core/secrets-vault/common.ts","statementMap":{"0":{"start":{"line":2,"column":13},"end":{"line":2,"column":34}}},"fnMap":{},"branchMap":{},"s":{"0":0},"f":{},"b":{}},"/Users/anirudh/quizizz/mail-service/src/domains/user.profile.ts":{"path":"/Users/anirudh/quizizz/mail-service/src/domains/user.profile.ts","statementMap":{"0":{"start":{"line":1,"column":0},"end":{"line":1,"column":13}}},"fnMap":{},"branchMap":{},"s":{"0":0},"f":{},"b":{}},"/Users/anirudh/quizizz/mail-service/src/core/secrets-vault/ssm.ts":{"path":"/Users/anirudh/quizizz/mail-service/src/core/secrets-vault/ssm.ts","statementMap":{"0":{"start":{"line":1,"column":0},"end":{"line":1,"column":null}},"1":{"start":{"line":7,"column":0},"end":{"line":7,"column":34}},"2":{"start":{"line":12,"column":4},"end":{"line":12,"column":73}},"3":{"start":{"line":17,"column":40},"end":{"line":17,"column":42}},"4":{"start":{"line":18,"column":16},"end":{"line":18,"column":20}},"5":{"start":{"line":19,"column":4},"end":{"line":34,"column":20}},"6":{"start":{"line":20,"column":22},"end":{"line":20,"column":60}},"7":{"start":{"line":21,"column":19},"end":{"line":21,"column":50}},"8":{"start":{"line":22,"column":6},"end":{"line":27,"column":9}},"9":{"start":{"line":23,"column":8},"end":{"line":26,"column":11}},"10":{"start":{"line":28,"column":6},"end":{"line":28,"column":29}},"11":{"start":{"line":29,"column":6},"end":{"line":33,"column":null}},"12":{"start":{"line":30,"column":8},"end":{"line":32,"column":11}},"13":{"start":{"line":35,"column":4},"end":{"line":35,"column":19}},"14":{"start":{"line":9,"column":0},"end":{"line":9,"column":21}}},"fnMap":{"0":{"name":"(anonymous_0)","decl":{"start":{"line":11,"column":2},"end":{"line":11,"column":14}},"loc":{"start":{"line":11,"column":36},"end":{"line":13,"column":3}}},"1":{"name":"(anonymous_1)","decl":{"start":{"line":14,"column":2},"end":{"line":14,"column":7}},"loc":{"start":{"line":15,"column":43},"end":{"line":36,"column":3}}},"2":{"name":"(anonymous_2)","decl":{"start":{"line":22,"column":30},"end":{"line":22,"column":31}},"loc":{"start":{"line":22,"column":44},"end":{"line":27,"column":7}}}},"branchMap":{"0":{"loc":{"start":{"line":29,"column":6},"end":{"line":33,"column":null}},"type":"if","locations":[{"start":{"line":29,"column":6},"end":{"line":33,"column":null}}]}},"s":{"0":0,"1":0,"2":0,"3":0,"4":0,"5":0,"6":0,"7":0,"8":0,"9":0,"10":0,"11":0,"12":0,"13":0,"14":0},"f":{"0":0,"1":0,"2":0},"b":{"0":[0]}},"/Users/anirudh/quizizz/mail-service/src/core/beans/container.ts":{"path":"/Users/anirudh/quizizz/mail-service/src/core/beans/container.ts","statementMap":{"0":{"start":{"line":1,"column":0},"end":{"line":1,"column":33}},"1":{"start":{"line":2,"column":0},"end":{"line":2,"column":55}},"2":{"start":{"line":3,"column":0},"end":{"line":3,"column":50}},"3":{"start":{"line":4,"column":0},"end":{"line":4,"column":50}},"4":{"start":{"line":5,"column":0},"end":{"line":5,"column":26}},"5":{"start":{"line":6,"column":0},"end":{"line":6,"column":49}},"6":{"start":{"line":7,"column":0},"end":{"line":7,"column":44}},"7":{"start":{"line":8,"column":0},"end":{"line":8,"column":51}},"8":{"start":{"line":9,"column":0},"end":{"line":9,"column":72}},"9":{"start":{"line":10,"column":0},"end":{"line":10,"column":46}},"10":{"start":{"line":11,"column":0},"end":{"line":11,"column":77}},"11":{"start":{"line":12,"column":0},"end":{"line":12,"column":33}},"12":{"start":{"line":13,"column":0},"end":{"line":13,"column":48}},"13":{"start":{"line":14,"column":0},"end":{"line":14,"column":68}},"14":{"start":{"line":15,"column":0},"end":{"line":15,"column":72}},"15":{"start":{"line":16,"column":0},"end":{"line":16,"column":44}},"16":{"start":{"line":17,"column":0},"end":{"line":17,"column":74}},"17":{"start":{"line":18,"column":0},"end":{"line":18,"column":45}},"18":{"start":{"line":19,"column":0},"end":{"line":19,"column":46}},"19":{"start":{"line":20,"column":0},"end":{"line":20,"column":71}},"20":{"start":{"line":21,"column":0},"end":{"line":21,"column":null}},"21":{"start":{"line":26,"column":0},"end":{"line":26,"column":68}},"22":{"start":{"line":32,"column":20},"end":{"line":32,"column":35}},"23":{"start":{"line":34,"column":2},"end":{"line":34,"column":78}},"24":{"start":{"line":35,"column":2},"end":{"line":35,"column":80}},"25":{"start":{"line":37,"column":2},"end":{"line":40,"column":24}},"26":{"start":{"line":41,"column":2},"end":{"line":44,"column":24}},"27":{"start":{"line":45,"column":2},"end":{"line":45,"column":67}},"28":{"start":{"line":46,"column":2},"end":{"line":49,"column":24}},"29":{"start":{"line":50,"column":2},"end":{"line":50,"column":67}},"30":{"start":{"line":51,"column":2},"end":{"line":53,"column":54}},"31":{"start":{"line":54,"column":2},"end":{"line":54,"column":70}},"32":{"start":{"line":55,"column":2},"end":{"line":57,"column":56}},"33":{"start":{"line":58,"column":2},"end":{"line":61,"column":24}},"34":{"start":{"line":62,"column":2},"end":{"line":62,"column":17}},"35":{"start":{"line":63,"column":2},"end":{"line":66,"column":24}},"36":{"start":{"line":67,"column":2},"end":{"line":70,"column":24}},"37":{"start":{"line":71,"column":2},"end":{"line":74,"column":24}},"38":{"start":{"line":76,"column":2},"end":{"line":79,"column":24}},"39":{"start":{"line":80,"column":2},"end":{"line":83,"column":24}},"40":{"start":{"line":84,"column":2},"end":{"line":87,"column":24}},"41":{"start":{"line":88,"column":2},"end":{"line":88,"column":76}},"42":{"start":{"line":90,"column":2},"end":{"line":93,"column":24}},"43":{"start":{"line":94,"column":2},"end":{"line":97,"column":24}},"44":{"start":{"line":98,"column":2},"end":{"line":101,"column":24}},"45":{"start":{"line":102,"column":2},"end":{"line":105,"column":24}},"46":{"start":{"line":106,"column":2},"end":{"line":109,"column":24}},"47":{"start":{"line":111,"column":2},"end":{"line":111,"column":73}},"48":{"start":{"line":112,"column":2},"end":{"line":112,"column":19}},"49":{"start":{"line":31,"column":0},"end":{"line":31,"column":24}}},"fnMap":{"0":{"name":"BeansContainer","decl":{"start":{"line":31,"column":24},"end":{"line":31,"column":38}},"loc":{"start":{"line":31,"column":38},"end":{"line":113,"column":1}}}},"branchMap":{},"s":{"0":0,"1":0,"2":0,"3":0,"4":0,"5":0,"6":0,"7":0,"8":0,"9":0,"10":0,"11":0,"12":0,"13":0,"14":0,"15":0,"16":0,"17":0,"18":0,"19":0,"20":0,"21":0,"22":0,"23":0,"24":0,"25":0,"26":0,"27":0,"28":0,"29":0,"30":0,"31":0,"32":0,"33":0,"34":0,"35":0,"36":0,"37":0,"38":0,"39":0,"40":0,"41":0,"42":0,"43":0,"44":0,"45":0,"46":0,"47":0,"48":0,"49":0},"f":{"0":0},"b":{}},"/Users/anirudh/quizizz/mail-service/src/core/logger.ts":{"path":"/Users/anirudh/quizizz/mail-service/src/core/logger.ts","statementMap":{"0":{"start":{"line":1,"column":0},"end":{"line":1,"column":39}},"1":{"start":{"line":11,"column":0},"end":{"line":16,"column":null}},"2":{"start":{"line":12,"column":10},"end":{"line":12,"column":23}},"3":{"start":{"line":13,"column":9},"end":{"line":13,"column":21}},"4":{"start":{"line":14,"column":9},"end":{"line":14,"column":21}},"5":{"start":{"line":15,"column":10},"end":{"line":15,"column":23}},"6":{"start":{"line":11,"column":13},"end":{"line":16,"column":null}},"7":{"start":{"line":11,"column":13},"end":{"line":11,"column":26}},"8":{"start":{"line":18,"column":0},"end":{"line":18,"column":45}}},"fnMap":{},"branchMap":{},"s":{"0":0,"1":0,"2":0,"3":0,"4":0,"5":0,"6":0,"7":0,"8":0},"f":{},"b":{}},"/Users/anirudh/quizizz/mail-service/src/core/process.env.ts":{"path":"/Users/anirudh/quizizz/mail-service/src/core/process.env.ts","statementMap":{"0":{"start":{"line":2,"column":0},"end":{"line":2,"column":39}},"1":{"start":{"line":5,"column":0},"end":{"line":14,"column":null}},"2":{"start":{"line":10,"column":4},"end":{"line":10,"column":36}},"3":{"start":{"line":11,"column":4},"end":{"line":11,"column":39}},"4":{"start":{"line":12,"column":4},"end":{"line":12,"column":52}},"5":{"start":{"line":5,"column":13},"end":{"line":14,"column":null}},"6":{"start":{"line":5,"column":13},"end":{"line":5,"column":23}}},"fnMap":{"0":{"name":"(anonymous_2)","decl":{"start":{"line":9,"column":2},"end":{"line":9,"column":null}},"loc":{"start":{"line":9,"column":2},"end":{"line":13,"column":3}}}},"branchMap":{},"s":{"0":0,"1":0,"2":0,"3":0,"4":0,"5":0,"6":0},"f":{"0":0},"b":{}},"/Users/anirudh/quizizz/mail-service/src/bootstrap/resources/example-resource.ts":{"path":"/Users/anirudh/quizizz/mail-service/src/bootstrap/resources/example-resource.ts","statementMap":{"0":{"start":{"line":2,"column":0},"end":{"line":2,"column":33}},"1":{"start":{"line":3,"column":0},"end":{"line":3,"column":36}},"2":{"start":{"line":4,"column":0},"end":{"line":4,"column":47}},"3":{"start":{"line":7,"column":0},"end":{"line":13,"column":null}},"4":{"start":{"line":8,"column":44},"end":{"line":8,"column":52}},"5":{"start":{"line":11,"column":4},"end":{"line":11,"column":11}},"6":{"start":{"line":7,"column":21},"end":{"line":13,"column":null}},"7":{"start":{"line":7,"column":21},"end":{"line":7,"column":null}}},"fnMap":{"0":{"name":"(anonymous_5)","decl":{"start":{"line":8,"column":2},"end":{"line":8,"column":15}},"loc":{"start":{"line":8,"column":58},"end":{"line":8,"column":62}}},"1":{"name":"(anonymous_6)","decl":{"start":{"line":10,"column":2},"end":{"line":10,"column":7}},"loc":{"start":{"line":10,"column":12},"end":{"line":12,"column":3}}}},"branchMap":{"0":{"loc":{"start":{"line":8,"column":52},"end":{"line":8,"column":61}},"type":"cond-expr","locations":[{"start":{"line":8,"column":58},"end":{"line":8,"column":61}},{"start":{"line":8,"column":58},"end":{"line":8,"column":61}}]},"1":{"loc":{"start":{"line":8,"column":52},"end":{"line":8,"column":58}},"type":"binary-expr","locations":[{"start":{"line":8,"column":52},"end":{"line":8,"column":61}},{"start":{"line":8,"column":52},"end":{"line":8,"column":58}}]}},"s":{"0":0,"1":0,"2":0,"3":0,"4":0,"5":0,"6":0,"7":0},"f":{"0":0,"1":0},"b":{"0":[0,0],"1":[0,0]}},"/Users/anirudh/quizizz/mail-service/src/bootstrap/emitter.ts":{"path":"/Users/anirudh/quizizz/mail-service/src/bootstrap/emitter.ts","statementMap":{"0":{"start":{"line":1,"column":0},"end":{"line":1,"column":36}},"1":{"start":{"line":2,"column":0},"end":{"line":2,"column":42}},"2":{"start":{"line":3,"column":0},"end":{"line":3,"column":38}},"3":{"start":{"line":4,"column":0},"end":{"line":4,"column":47}},"4":{"start":{"line":7,"column":0},"end":{"line":20,"column":null}},"5":{"start":{"line":10,"column":20},"end":{"line":10,"column":38}},"6":{"start":{"line":11,"column":4},"end":{"line":11,"column":69}},"7":{"start":{"line":11,"column":40},"end":{"line":11,"column":67}},"8":{"start":{"line":12,"column":4},"end":{"line":12,"column":77}},"9":{"start":{"line":12,"column":44},"end":{"line":12,"column":75}},"10":{"start":{"line":13,"column":4},"end":{"line":13,"column":74}},"11":{"start":{"line":13,"column":42},"end":{"line":13,"column":72}},"12":{"start":{"line":14,"column":4},"end":{"line":14,"column":27}},"13":{"start":{"line":18,"column":4},"end":{"line":18,"column":24}},"14":{"start":{"line":7,"column":21},"end":{"line":20,"column":null}},"15":{"start":{"line":7,"column":21},"end":{"line":7,"column":null}}},"fnMap":{"0":{"name":"(anonymous_5)","decl":{"start":{"line":9,"column":2},"end":{"line":9,"column":15}},"loc":{"start":{"line":9,"column":50},"end":{"line":15,"column":3}}},"1":{"name":"(anonymous_6)","decl":{"start":{"line":11,"column":22},"end":{"line":11,"column":23}},"loc":{"start":{"line":11,"column":40},"end":{"line":11,"column":67}}},"2":{"name":"(anonymous_7)","decl":{"start":{"line":12,"column":26},"end":{"line":12,"column":27}},"loc":{"start":{"line":12,"column":44},"end":{"line":12,"column":75}}},"3":{"name":"(anonymous_8)","decl":{"start":{"line":13,"column":24},"end":{"line":13,"column":25}},"loc":{"start":{"line":13,"column":42},"end":{"line":13,"column":72}}},"4":{"name":"(anonymous_9)","decl":{"start":{"line":17,"column":2},"end":{"line":17,"column":12}},"loc":{"start":{"line":17,"column":12},"end":{"line":19,"column":3}}}},"branchMap":{"0":{"loc":{"start":{"line":9,"column":44},"end":{"line":9,"column":null}},"type":"cond-expr","locations":[{"start":{"line":9,"column":50},"end":{"line":9,"column":null}},{"start":{"line":9,"column":50},"end":{"line":9,"column":null}}]},"1":{"loc":{"start":{"line":9,"column":44},"end":{"line":9,"column":50}},"type":"binary-expr","locations":[{"start":{"line":9,"column":44},"end":{"line":9,"column":null}},{"start":{"line":9,"column":44},"end":{"line":9,"column":50}}]}},"s":{"0":0,"1":0,"2":0,"3":0,"4":0,"5":0,"6":0,"7":0,"8":0,"9":0,"10":0,"11":0,"12":0,"13":0,"14":0,"15":0},"f":{"0":0,"1":0,"2":0,"3":0,"4":0},"b":{"0":[0,0],"1":[0,0]}},"/Users/anirudh/quizizz/mail-service/src/core/service-locator.ts":{"path":"/Users/anirudh/quizizz/mail-service/src/core/service-locator.ts","statementMap":{"0":{"start":{"line":2,"column":0},"end":{"line":2,"column":36}},"1":{"start":{"line":3,"column":0},"end":{"line":3,"column":47}},"2":{"start":{"line":6,"column":0},"end":{"line":23,"column":null}},"3":{"start":{"line":7,"column":34},"end":{"line":7,"column":36}},"4":{"start":{"line":9,"column":43},"end":{"line":9,"column":57}},"5":{"start":{"line":12,"column":4},"end":{"line":12,"column":23}},"6":{"start":{"line":17,"column":4},"end":{"line":17,"column":31}},"7":{"start":{"line":21,"column":4},"end":{"line":21,"column":30}},"8":{"start":{"line":6,"column":21},"end":{"line":23,"column":null}},"9":{"start":{"line":6,"column":21},"end":{"line":6,"column":null}}},"fnMap":{"0":{"name":"(anonymous_5)","decl":{"start":{"line":9,"column":2},"end":{"line":9,"column":15}},"loc":{"start":{"line":9,"column":57},"end":{"line":9,"column":61}}},"1":{"name":"(anonymous_6)","decl":{"start":{"line":11,"column":2},"end":{"line":11,"column":11}},"loc":{"start":{"line":11,"column":11},"end":{"line":13,"column":3}}},"2":{"name":"(anonymous_7)","decl":{"start":{"line":16,"column":2},"end":{"line":16,"column":13}},"loc":{"start":{"line":16,"column":38},"end":{"line":18,"column":3}}},"3":{"name":"(anonymous_8)","decl":{"start":{"line":20,"column":2},"end":{"line":20,"column":13}},"loc":{"start":{"line":20,"column":28},"end":{"line":22,"column":3}}}},"branchMap":{},"s":{"0":0,"1":0,"2":0,"3":0,"4":0,"5":0,"6":0,"7":0,"8":0,"9":0},"f":{"0":0,"1":0,"2":0,"3":0},"b":{}},"/Users/anirudh/quizizz/mail-service/src/core/secrets-vault/index.ts":{"path":"/Users/anirudh/quizizz/mail-service/src/core/secrets-vault/index.ts","statementMap":{"0":{"start":{"line":1,"column":0},"end":{"line":1,"column":63}},"1":{"start":{"line":2,"column":0},"end":{"line":2,"column":34}},"2":{"start":{"line":3,"column":0},"end":{"line":3,"column":33}},"3":{"start":{"line":4,"column":0},"end":{"line":4,"column":46}},"4":{"start":{"line":5,"column":0},"end":{"line":5,"column":28}},"5":{"start":{"line":7,"column":0},"end":{"line":7,"column":49}},"6":{"start":{"line":14,"column":22},"end":{"line":14,"column":30}},"7":{"start":{"line":20,"column":6},"end":{"line":20,"column":10}},"8":{"start":{"line":30,"column":19},"end":{"line":30,"column":23}},"9":{"start":{"line":31,"column":4},"end":{"line":39,"column":null}},"10":{"start":{"line":32,"column":6},"end":{"line":35,"column":null}},"11":{"start":{"line":33,"column":20},"end":{"line":33,"column":29}},"12":{"start":{"line":34,"column":8},"end":{"line":34,"column":55}},"13":{"start":{"line":36,"column":6},"end":{"line":36,"column":55}},"14":{"start":{"line":38,"column":6},"end":{"line":38,"column":22}},"15":{"start":{"line":40,"column":23},"end":{"line":42,"column":6}},"16":{"start":{"line":43,"column":4},"end":{"line":43,"column":22}},"17":{"start":{"line":51,"column":16},"end":{"line":53,"column":60}},"18":{"start":{"line":54,"column":4},"end":{"line":56,"column":null}},"19":{"start":{"line":55,"column":6},"end":{"line":55,"column":31}},"20":{"start":{"line":67,"column":19},"end":{"line":67,"column":53}},"21":{"start":{"line":69,"column":4},"end":{"line":71,"column":null}},"22":{"start":{"line":70,"column":6},"end":{"line":70,"column":20}},"23":{"start":{"line":73,"column":4},"end":{"line":75,"column":null}},"24":{"start":{"line":74,"column":6},"end":{"line":74,"column":26}},"25":{"start":{"line":77,"column":16},"end":{"line":77,"column":50}},"26":{"start":{"line":78,"column":4},"end":{"line":82,"column":58}},"27":{"start":{"line":82,"column":20},"end":{"line":82,"column":34}},"28":{"start":{"line":84,"column":4},"end":{"line":84,"column":18}},"29":{"start":{"line":93,"column":4},"end":{"line":95,"column":null}},"30":{"start":{"line":94,"column":6},"end":{"line":94,"column":22}},"31":{"start":{"line":96,"column":16},"end":{"line":96,"column":78}},"32":{"start":{"line":96,"column":49},"end":{"line":96,"column":66}},"33":{"start":{"line":97,"column":4},"end":{"line":97,"column":45}},"34":{"start":{"line":13,"column":0},"end":{"line":13,"column":21}}},"fnMap":{"0":{"name":"(anonymous_1)","decl":{"start":{"line":14,"column":2},"end":{"line":14,"column":22}},"loc":{"start":{"line":14,"column":30},"end":{"line":14,"column":34}}},"1":{"name":"(anonymous_2)","decl":{"start":{"line":29,"column":2},"end":{"line":29,"column":7}},"loc":{"start":{"line":29,"column":24},"end":{"line":44,"column":3}}},"2":{"name":"(anonymous_3)","decl":{"start":{"line":50,"column":2},"end":{"line":50,"column":5}},"loc":{"start":{"line":50,"column":61},"end":{"line":57,"column":3}}},"3":{"name":"(anonymous_4)","decl":{"start":{"line":64,"column":2},"end":{"line":64,"column":7}},"loc":{"start":{"line":65,"column":19},"end":{"line":85,"column":3}}},"4":{"name":"(anonymous_5)","decl":{"start":{"line":82,"column":11},"end":{"line":82,"column":12}},"loc":{"start":{"line":82,"column":20},"end":{"line":82,"column":34}}},"5":{"name":"(anonymous_6)","decl":{"start":{"line":92,"column":2},"end":{"line":92,"column":7}},"loc":{"start":{"line":92,"column":66},"end":{"line":98,"column":3}}},"6":{"name":"(anonymous_7)","decl":{"start":{"line":96,"column":31},"end":{"line":96,"column":32}},"loc":{"start":{"line":96,"column":49},"end":{"line":96,"column":66}}}},"branchMap":{"0":{"loc":{"start":{"line":31,"column":4},"end":{"line":39,"column":null}},"type":"if","locations":[{"start":{"line":31,"column":4},"end":{"line":39,"column":null}},{"start":{"line":37,"column":11},"end":{"line":39,"column":null}}]},"1":{"loc":{"start":{"line":32,"column":6},"end":{"line":35,"column":null}},"type":"if","locations":[{"start":{"line":32,"column":6},"end":{"line":35,"column":null}}]},"2":{"loc":{"start":{"line":51,"column":16},"end":{"line":53,"column":60}},"type":"cond-expr","locations":[{"start":{"line":52,"column":8},"end":{"line":52,"column":18}},{"start":{"line":53,"column":8},"end":{"line":53,"column":60}}]},"3":{"loc":{"start":{"line":69,"column":4},"end":{"line":71,"column":null}},"type":"if","locations":[{"start":{"line":69,"column":4},"end":{"line":71,"column":null}}]},"4":{"loc":{"start":{"line":73,"column":4},"end":{"line":75,"column":null}},"type":"if","locations":[{"start":{"line":73,"column":4},"end":{"line":75,"column":null}}]},"5":{"loc":{"start":{"line":93,"column":4},"end":{"line":95,"column":null}},"type":"if","locations":[{"start":{"line":93,"column":4},"end":{"line":95,"column":null}}]}},"s":{"0":0,"1":0,"2":0,"3":0,"4":0,"5":0,"6":0,"7":0,"8":0,"9":0,"10":0,"11":0,"12":0,"13":0,"14":0,"15":0,"16":0,"17":0,"18":0,"19":0,"20":0,"21":0,"22":0,"23":0,"24":0,"25":0,"26":0,"27":0,"28":0,"29":0,"30":0,"31":0,"32":0,"33":0,"34":0},"f":{"0":0,"1":0,"2":0,"3":0,"4":0,"5":0,"6":0},"b":{"0":[0,0],"1":[0],"2":[0,0],"3":[0],"4":[0],"5":[0]}},"/Users/anirudh/quizizz/mail-service/src/main.ts":{"path":"/Users/anirudh/quizizz/mail-service/src/main.ts","statementMap":{"0":{"start":{"line":1,"column":0},"end":{"line":1,"column":31}},"1":{"start":{"line":3,"column":0},"end":{"line":3,"column":26}},"2":{"start":{"line":5,"column":0},"end":{"line":5,"column":52}},"3":{"start":{"line":6,"column":0},"end":{"line":6,"column":36}},"4":{"start":{"line":10,"column":20},"end":{"line":10,"column":36}},"5":{"start":{"line":11,"column":15},"end":{"line":11,"column":46}},"6":{"start":{"line":12,"column":2},"end":{"line":12,"column":19}},"7":{"start":{"line":15,"column":0},"end":{"line":15,"column":28}}},"fnMap":{"0":{"name":"main","decl":{"start":{"line":9,"column":15},"end":{"line":9,"column":19}},"loc":{"start":{"line":9,"column":19},"end":{"line":13,"column":1}}}},"branchMap":{},"s":{"0":0,"1":0,"2":0,"3":0,"4":0,"5":0,"6":0,"7":0},"f":{"0":0},"b":{}},"/Users/anirudh/quizizz/mail-service/src/bootstrap/secrets-manager.ts":{"path":"/Users/anirudh/quizizz/mail-service/src/bootstrap/secrets-manager.ts","statementMap":{"0":{"start":{"line":1,"column":0},"end":{"line":1,"column":38}},"1":{"start":{"line":2,"column":0},"end":{"line":2,"column":51}},"2":{"start":{"line":5,"column":21},"end":{"line":5,"column":33}},"3":{"start":{"line":6,"column":23},"end":{"line":6,"column":37}},"4":{"start":{"line":7,"column":22},"end":{"line":7,"column":35}},"5":{"start":{"line":24,"column":65},"end":{"line":24,"column":69}},"6":{"start":{"line":25,"column":32},"end":{"line":25,"column":63}},"7":{"start":{"line":26,"column":4},"end":{"line":28,"column":null}},"8":{"start":{"line":27,"column":6},"end":{"line":27,"column":22}},"9":{"start":{"line":29,"column":4},"end":{"line":37,"column":null}},"10":{"start":{"line":30,"column":31},"end":{"line":30,"column":61}},"11":{"start":{"line":31,"column":6},"end":{"line":35,"column":null}},"12":{"start":{"line":32,"column":8},"end":{"line":34,"column":11}},"13":{"start":{"line":33,"column":10},"end":{"line":33,"column":34}},"14":{"start":{"line":36,"column":6},"end":{"line":36,"column":64}},"15":{"start":{"line":38,"column":4},"end":{"line":38,"column":22}},"16":{"start":{"line":41,"column":22},"end":{"line":41,"column":30}},"17":{"start":{"line":41,"column":40},"end":{"line":41,"column":55}},"18":{"start":{"line":47,"column":18},"end":{"line":47,"column":44}},"19":{"start":{"line":48,"column":40},"end":{"line":48,"column":42}},"20":{"start":{"line":50,"column":4},"end":{"line":93,"column":null}},"21":{"start":{"line":51,"column":26},"end":{"line":51,"column":51}},"22":{"start":{"line":52,"column":6},"end":{"line":52,"column":60}},"23":{"start":{"line":52,"column":38},"end":{"line":52,"column":58}},"24":{"start":{"line":53,"column":11},"end":{"line":93,"column":null}},"25":{"start":{"line":58,"column":39},"end":{"line":58,"column":41}},"26":{"start":{"line":59,"column":6},"end":{"line":65,"column":8}},"27":{"start":{"line":66,"column":6},"end":{"line":75,"column":null}},"28":{"start":{"line":67,"column":8},"end":{"line":74,"column":10}},"29":{"start":{"line":76,"column":6},"end":{"line":84,"column":null}},"30":{"start":{"line":77,"column":8},"end":{"line":83,"column":10}},"31":{"start":{"line":85,"column":50},"end":{"line":85,"column":77}},"32":{"start":{"line":88,"column":6},"end":{"line":90,"column":8}},"33":{"start":{"line":89,"column":8},"end":{"line":89,"column":66}},"34":{"start":{"line":89,"column":42},"end":{"line":89,"column":65}},"35":{"start":{"line":92,"column":6},"end":{"line":92,"column":49}},"36":{"start":{"line":95,"column":4},"end":{"line":95,"column":23}},"37":{"start":{"line":9,"column":0},"end":{"line":9,"column":21}}},"fnMap":{"0":{"name":"(anonymous_1)","decl":{"start":{"line":18,"column":2},"end":{"line":18,"column":7}},"loc":{"start":{"line":23,"column":3},"end":{"line":39,"column":3}}},"1":{"name":"(anonymous_2)","decl":{"start":{"line":32,"column":33},"end":{"line":32,"column":34}},"loc":{"start":{"line":32,"column":44},"end":{"line":34,"column":9}}},"2":{"name":"(anonymous_3)","decl":{"start":{"line":41,"column":2},"end":{"line":41,"column":22}},"loc":{"start":{"line":41,"column":55},"end":{"line":41,"column":59}}},"3":{"name":"(anonymous_4)","decl":{"start":{"line":46,"column":2},"end":{"line":46,"column":7}},"loc":{"start":{"line":46,"column":19},"end":{"line":96,"column":3}}},"4":{"name":"(anonymous_5)","decl":{"start":{"line":52,"column":26},"end":{"line":52,"column":27}},"loc":{"start":{"line":52,"column":38},"end":{"line":52,"column":58}}},"5":{"name":"(anonymous_6)","decl":{"start":{"line":88,"column":28},"end":{"line":88,"column":29}},"loc":{"start":{"line":89,"column":8},"end":{"line":89,"column":66}}},"6":{"name":"(anonymous_7)","decl":{"start":{"line":89,"column":27},"end":{"line":89,"column":28}},"loc":{"start":{"line":89,"column":42},"end":{"line":89,"column":65}}}},"branchMap":{"0":{"loc":{"start":{"line":24,"column":36},"end":{"line":24,"column":53}},"type":"default-arg","locations":[{"start":{"line":24,"column":48},"end":{"line":24,"column":53}}]},"1":{"loc":{"start":{"line":26,"column":4},"end":{"line":28,"column":null}},"type":"if","locations":[{"start":{"line":26,"column":4},"end":{"line":28,"column":null}}]},"2":{"loc":{"start":{"line":26,"column":8},"end":{"line":26,"column":44}},"type":"binary-expr","locations":[{"start":{"line":26,"column":9},"end":{"line":26,"column":19}},{"start":{"line":26,"column":23},"end":{"line":26,"column":28}},{"start":{"line":26,"column":33},"end":{"line":26,"column":44}}]},"3":{"loc":{"start":{"line":29,"column":4},"end":{"line":37,"column":null}},"type":"if","locations":[{"start":{"line":29,"column":4},"end":{"line":37,"column":null}}]},"4":{"loc":{"start":{"line":29,"column":8},"end":{"line":29,"column":40}},"type":"binary-expr","locations":[{"start":{"line":29,"column":8},"end":{"line":29,"column":13}},{"start":{"line":29,"column":17},"end":{"line":29,"column":40}}]},"5":{"loc":{"start":{"line":31,"column":6},"end":{"line":35,"column":null}},"type":"if","locations":[{"start":{"line":31,"column":6},"end":{"line":35,"column":null}}]},"6":{"loc":{"start":{"line":31,"column":10},"end":{"line":31,"column":47}},"type":"binary-expr","locations":[{"start":{"line":31,"column":10},"end":{"line":31,"column":21}},{"start":{"line":31,"column":25},"end":{"line":31,"column":47}}]},"7":{"loc":{"start":{"line":50,"column":4},"end":{"line":93,"column":null}},"type":"if","locations":[{"start":{"line":50,"column":4},"end":{"line":93,"column":null}},{"start":{"line":53,"column":11},"end":{"line":93,"column":null}}]},"8":{"loc":{"start":{"line":53,"column":11},"end":{"line":93,"column":null}},"type":"if","locations":[{"start":{"line":53,"column":11},"end":{"line":93,"column":null}},{"start":{"line":91,"column":11},"end":{"line":93,"column":null}}]},"9":{"loc":{"start":{"line":54,"column":6},"end":{"line":56,"column":25}},"type":"binary-expr","locations":[{"start":{"line":54,"column":6},"end":{"line":54,"column":24}},{"start":{"line":55,"column":6},"end":{"line":55,"column":26}},{"start":{"line":56,"column":6},"end":{"line":56,"column":25}}]},"10":{"loc":{"start":{"line":66,"column":6},"end":{"line":75,"column":null}},"type":"if","locations":[{"start":{"line":66,"column":6},"end":{"line":75,"column":null}}]},"11":{"loc":{"start":{"line":76,"column":6},"end":{"line":84,"column":null}},"type":"if","locations":[{"start":{"line":76,"column":6},"end":{"line":84,"column":null}}]}},"s":{"0":0,"1":0,"2":0,"3":0,"4":0,"5":0,"6":0,"7":0,"8":0,"9":0,"10":0,"11":0,"12":0,"13":0,"14":0,"15":0,"16":0,"17":0,"18":0,"19":0,"20":0,"21":0,"22":0,"23":0,"24":0,"25":0,"26":0,"27":0,"28":0,"29":0,"30":0,"31":0,"32":0,"33":0,"34":0,"35":0,"36":0,"37":0},"f":{"0":0,"1":0,"2":0,"3":0,"4":0,"5":0,"6":0},"b":{"0":[0],"1":[0],"2":[0,0,0],"3":[0],"4":[0,0],"5":[0],"6":[0,0],"7":[0,0],"8":[0,0],"9":[0,0,0],"10":[0],"11":[0]}},"/Users/anirudh/quizizz/mail-service/src/utils/index.ts":{"path":"/Users/anirudh/quizizz/mail-service/src/utils/index.ts","statementMap":{"0":{"start":{"line":1,"column":0},"end":{"line":1,"column":7}},"1":{"start":{"line":3,"column":9},"end":{"line":1,"column":26}}},"fnMap":{},"branchMap":{},"s":{"0":0,"1":0},"f":{},"b":{}},"/Users/anirudh/quizizz/mail-service/src/utils/container.ts":{"path":"/Users/anirudh/quizizz/mail-service/src/utils/container.ts","statementMap":{"0":{"start":{"line":7,"column":34},"end":{"line":7,"column":36}},"1":{"start":{"line":12,"column":4},"end":{"line":12,"column":24}},"2":{"start":{"line":13,"column":4},"end":{"line":13,"column":16}},"3":{"start":{"line":17,"column":4},"end":{"line":17,"column":23}},"4":{"start":{"line":21,"column":4},"end":{"line":21,"column":32}},"5":{"start":{"line":25,"column":4},"end":{"line":25,"column":29}},"6":{"start":{"line":30,"column":4},"end":{"line":30,"column":31}},"7":{"start":{"line":34,"column":4},"end":{"line":34,"column":30}},"8":{"start":{"line":5,"column":0},"end":{"line":5,"column":13}}},"fnMap":{"0":{"name":"(anonymous_0)","decl":{"start":{"line":11,"column":2},"end":{"line":11,"column":11}},"loc":{"start":{"line":11,"column":26},"end":{"line":14,"column":3}}},"1":{"name":"(anonymous_1)","decl":{"start":{"line":16,"column":2},"end":{"line":16,"column":11}},"loc":{"start":{"line":16,"column":11},"end":{"line":18,"column":3}}},"2":{"name":"(anonymous_2)","decl":{"start":{"line":20,"column":2},"end":{"line":20,"column":17}},"loc":{"start":{"line":20,"column":39},"end":{"line":22,"column":3}}},"3":{"name":"(anonymous_3)","decl":{"start":{"line":24,"column":2},"end":{"line":24,"column":17}},"loc":{"start":{"line":24,"column":17},"end":{"line":26,"column":3}}},"4":{"name":"(anonymous_4)","decl":{"start":{"line":29,"column":2},"end":{"line":29,"column":13}},"loc":{"start":{"line":29,"column":38},"end":{"line":31,"column":3}}},"5":{"name":"(anonymous_5)","decl":{"start":{"line":33,"column":2},"end":{"line":33,"column":13}},"loc":{"start":{"line":33,"column":28},"end":{"line":35,"column":3}}}},"branchMap":{},"s":{"0":0,"1":0,"2":0,"3":0,"4":0,"5":0,"6":0,"7":0,"8":0},"f":{"0":0,"1":0,"2":0,"3":0,"4":0,"5":0},"b":{}},"/Users/anirudh/quizizz/mail-service/src/middlewares/http.middleware.ts":{"path":"/Users/anirudh/quizizz/mail-service/src/middlewares/http.middleware.ts","statementMap":{"0":{"start":{"line":12,"column":12},"end":{"line":12,"column":38}},"1":{"start":{"line":13,"column":12},"end":{"line":13,"column":37}},"2":{"start":{"line":21,"column":36},"end":{"line":21,"column":39}},"3":{"start":{"line":22,"column":28},"end":{"line":22,"column":53}},"4":{"start":{"line":23,"column":44},"end":{"line":28,"column":6}},"5":{"start":{"line":29,"column":4},"end":{"line":37,"column":null}},"6":{"start":{"line":30,"column":21},"end":{"line":30,"column":56}},"7":{"start":{"line":31,"column":6},"end":{"line":33,"column":null}},"8":{"start":{"line":32,"column":8},"end":{"line":32,"column":51}},"9":{"start":{"line":34,"column":6},"end":{"line":34,"column":13}},"10":{"start":{"line":36,"column":6},"end":{"line":36,"column":16}},"11":{"start":{"line":10,"column":0},"end":{"line":10,"column":13}}},"fnMap":{"0":{"name":"(anonymous_0)","decl":{"start":{"line":11,"column":2},"end":{"line":11,"column":null}},"loc":{"start":{"line":13,"column":37},"end":{"line":14,"column":6}}},"1":{"name":"(anonymous_1)","decl":{"start":{"line":16,"column":2},"end":{"line":16,"column":7}},"loc":{"start":{"line":19,"column":29},"end":{"line":38,"column":3}}}},"branchMap":{"0":{"loc":{"start":{"line":22,"column":12},"end":{"line":22,"column":23}},"type":"default-arg","locations":[{"start":{"line":22,"column":21},"end":{"line":22,"column":23}}]},"1":{"loc":{"start":{"line":31,"column":6},"end":{"line":33,"column":null}},"type":"if","locations":[{"start":{"line":31,"column":6},"end":{"line":33,"column":null}}]}},"s":{"0":0,"1":0,"2":0,"3":0,"4":0,"5":0,"6":0,"7":0,"8":0,"9":0,"10":0,"11":0},"f":{"0":0,"1":0},"b":{"0":[0],"1":[0]}},"/Users/anirudh/quizizz/mail-service/src/core/secrets-vault/sts.ts":{"path":"/Users/anirudh/quizizz/mail-service/src/core/secrets-vault/sts.ts","statementMap":{"0":{"start":{"line":1,"column":0},"end":{"line":1,"column":null}},"1":{"start":{"line":7,"column":0},"end":{"line":7,"column":34}},"2":{"start":{"line":8,"column":0},"end":{"line":8,"column":32}},"3":{"start":{"line":9,"column":0},"end":{"line":9,"column":36}},"4":{"start":{"line":11,"column":19},"end":{"line":11,"column":61}},"5":{"start":{"line":17,"column":4},"end":{"line":17,"column":73}},"6":{"start":{"line":25,"column":20},"end":{"line":25,"column":76}},"7":{"start":{"line":26,"column":17},"end":{"line":29,"column":6}},"8":{"start":{"line":31,"column":24},"end":{"line":43,"column":6}},"9":{"start":{"line":32,"column":6},"end":{"line":42,"column":8}},"10":{"start":{"line":35,"column":10},"end":{"line":39,"column":null}},"11":{"start":{"line":36,"column":12},"end":{"line":36,"column":35}},"12":{"start":{"line":38,"column":12},"end":{"line":38,"column":29}},"13":{"start":{"line":40,"column":10},"end":{"line":40,"column":23}},"14":{"start":{"line":44,"column":4},"end":{"line":44,"column":61}},"15":{"start":{"line":46,"column":41},"end":{"line":53,"column":null}},"16":{"start":{"line":60,"column":8},"end":{"line":60,"column":19}},"17":{"start":{"line":62,"column":4},"end":{"line":62,"column":58}},"18":{"start":{"line":13,"column":0},"end":{"line":13,"column":13}}},"fnMap":{"0":{"name":"(anonymous_1)","decl":{"start":{"line":16,"column":2},"end":{"line":16,"column":14}},"loc":{"start":{"line":16,"column":36},"end":{"line":18,"column":3}}},"1":{"name":"(anonymous_2)","decl":{"start":{"line":20,"column":2},"end":{"line":20,"column":7}},"loc":{"start":{"line":20,"column":23},"end":{"line":63,"column":3}}},"2":{"name":"(anonymous_3)","decl":{"start":{"line":31,"column":42},"end":{"line":31,"column":43}},"loc":{"start":{"line":31,"column":55},"end":{"line":43,"column":5}}},"3":{"name":"(anonymous_4)","decl":{"start":{"line":34,"column":8},"end":{"line":34,"column":9}},"loc":{"start":{"line":34,"column":17},"end":{"line":41,"column":9}}}},"branchMap":{"0":{"loc":{"start":{"line":35,"column":10},"end":{"line":39,"column":null}},"type":"if","locations":[{"start":{"line":35,"column":10},"end":{"line":39,"column":null}},{"start":{"line":37,"column":17},"end":{"line":39,"column":null}}]}},"s":{"0":0,"1":0,"2":0,"3":0,"4":0,"5":0,"6":0,"7":0,"8":0,"9":0,"10":0,"11":0,"12":0,"13":0,"14":0,"15":0,"16":0,"17":0,"18":0},"f":{"0":0,"1":0,"2":0,"3":0},"b":{"0":[0,0]}},"/Users/anirudh/quizizz/mail-service/src/utils/time.ts":{"path":"/Users/anirudh/quizizz/mail-service/src/utils/time.ts","statementMap":{"0":{"start":{"line":1,"column":32},"end":{"line":1,"column":36}},"1":{"start":{"line":2,"column":27},"end":{"line":2,"column":29}},"2":{"start":{"line":3,"column":25},"end":{"line":3,"column":27}},"3":{"start":{"line":4,"column":22},"end":{"line":4,"column":24}},"4":{"start":{"line":5,"column":22},"end":{"line":5,"column":23}},"5":{"start":{"line":6,"column":24},"end":{"line":6,"column":26}},"6":{"start":{"line":8,"column":15},"end":{"line":8,"column":38}},"7":{"start":{"line":9,"column":15},"end":{"line":9,"column":42}},"8":{"start":{"line":10,"column":13},"end":{"line":10,"column":38}},"9":{"start":{"line":11,"column":12},"end":{"line":11,"column":32}},"10":{"start":{"line":12,"column":13},"end":{"line":12,"column":32}},"11":{"start":{"line":13,"column":13},"end":{"line":13,"column":25}},"12":{"start":{"line":14,"column":20},"end":{"line":14,"column":29}},"13":{"start":{"line":15,"column":18},"end":{"line":15,"column":27}},"14":{"start":{"line":16,"column":15},"end":{"line":16,"column":24}},"15":{"start":{"line":17,"column":18},"end":{"line":17,"column":26}},"16":{"start":{"line":18,"column":22},"end":{"line":18,"column":31}},"17":{"start":{"line":20,"column":25},"end":{"line":20,"column":62}},"18":{"start":{"line":21,"column":24},"end":{"line":21,"column":56}},"19":{"start":{"line":23,"column":0},"end":{"line":48,"column":2}}},"fnMap":{},"branchMap":{},"s":{"0":0,"1":0,"2":0,"3":0,"4":0,"5":0,"6":0,"7":0,"8":0,"9":0,"10":0,"11":0,"12":0,"13":0,"14":0,"15":0,"16":0,"17":0,"18":0,"19":0},"f":{},"b":{}},"/Users/anirudh/quizizz/mail-service/src/bootstrap/resources/moengage-resource.ts":{"path":"/Users/anirudh/quizizz/mail-service/src/bootstrap/resources/moengage-resource.ts","statementMap":{"0":{"start":{"line":2,"column":0},"end":{"line":2,"column":33}},"1":{"start":{"line":3,"column":0},"end":{"line":3,"column":36}},"2":{"start":{"line":4,"column":0},"end":{"line":4,"column":38}},"3":{"start":{"line":5,"column":0},"end":{"line":5,"column":55}},"4":{"start":{"line":7,"column":0},"end":{"line":7,"column":26}},"5":{"start":{"line":8,"column":0},"end":{"line":8,"column":47}},"6":{"start":{"line":9,"column":0},"end":{"line":9,"column":33}},"7":{"start":{"line":31,"column":0},"end":{"line":115,"column":null}},"8":{"start":{"line":32,"column":18},"end":{"line":32,"column":28}},"9":{"start":{"line":37,"column":35},"end":{"line":37,"column":44}},"10":{"start":{"line":38,"column":34},"end":{"line":38,"column":42}},"11":{"start":{"line":39,"column":43},"end":{"line":39,"column":54}},"12":{"start":{"line":43,"column":4},"end":{"line":43,"column":42}},"13":{"start":{"line":44,"column":4},"end":{"line":44,"column":42}},"14":{"start":{"line":45,"column":4},"end":{"line":45,"column":67}},"15":{"start":{"line":46,"column":4},"end":{"line":46,"column":45}},"16":{"start":{"line":50,"column":4},"end":{"line":54,"column":7}},"17":{"start":{"line":58,"column":4},"end":{"line":62,"column":7}},"18":{"start":{"line":66,"column":4},"end":{"line":70,"column":7}},"19":{"start":{"line":74,"column":59},"end":{"line":74,"column":68}},"20":{"start":{"line":75,"column":21},"end":{"line":83,"column":null}},"21":{"start":{"line":85,"column":4},"end":{"line":90,"column":null}},"22":{"start":{"line":86,"column":32},"end":{"line":86,"column":54}},"23":{"start":{"line":87,"column":6},"end":{"line":89,"column":8}},"24":{"start":{"line":94,"column":4},"end":{"line":113,"column":7}},"25":{"start":{"line":108,"column":64},"end":{"line":111,"column":10}},"26":{"start":{"line":31,"column":21},"end":{"line":115,"column":null}},"27":{"start":{"line":31,"column":21},"end":{"line":31,"column":null}}},"fnMap":{"0":{"name":"(anonymous_5)","decl":{"start":{"line":36,"column":2},"end":{"line":36,"column":null}},"loc":{"start":{"line":39,"column":68},"end":{"line":40,"column":6}}},"1":{"name":"(anonymous_6)","decl":{"start":{"line":42,"column":2},"end":{"line":42,"column":7}},"loc":{"start":{"line":42,"column":12},"end":{"line":47,"column":3}}},"2":{"name":"(anonymous_7)","decl":{"start":{"line":49,"column":2},"end":{"line":49,"column":5}},"loc":{"start":{"line":49,"column":33},"end":{"line":55,"column":3}}},"3":{"name":"(anonymous_8)","decl":{"start":{"line":57,"column":2},"end":{"line":57,"column":9}},"loc":{"start":{"line":57,"column":37},"end":{"line":63,"column":3}}},"4":{"name":"(anonymous_9)","decl":{"start":{"line":65,"column":2},"end":{"line":65,"column":7}},"loc":{"start":{"line":65,"column":35},"end":{"line":71,"column":3}}},"5":{"name":"(anonymous_10)","decl":{"start":{"line":73,"column":2},"end":{"line":73,"column":7}},"loc":{"start":{"line":73,"column":45},"end":{"line":91,"column":3}}},"6":{"name":"(anonymous_11)","decl":{"start":{"line":93,"column":2},"end":{"line":93,"column":7}},"loc":{"start":{"line":93,"column":36},"end":{"line":114,"column":3}}},"7":{"name":"(anonymous_12)","decl":{"start":{"line":108,"column":39},"end":{"line":108,"column":40}},"loc":{"start":{"line":108,"column":64},"end":{"line":111,"column":10}}}},"branchMap":{"0":{"loc":{"start":{"line":85,"column":4},"end":{"line":90,"column":null}},"type":"if","locations":[{"start":{"line":85,"column":4},"end":{"line":90,"column":null}}]},"1":{"loc":{"start":{"line":37,"column":44},"end":{"line":37,"column":null}},"type":"cond-expr","locations":[{"start":{"line":37,"column":51},"end":{"line":37,"column":null}},{"start":{"line":37,"column":51},"end":{"line":37,"column":null}}]},"2":{"loc":{"start":{"line":37,"column":44},"end":{"line":37,"column":51}},"type":"binary-expr","locations":[{"start":{"line":37,"column":44},"end":{"line":37,"column":null}},{"start":{"line":37,"column":44},"end":{"line":37,"column":51}}]},"3":{"loc":{"start":{"line":37,"column":51},"end":{"line":38,"column":null}},"type":"cond-expr","locations":[{"start":{"line":38,"column":48},"end":{"line":38,"column":null}},{"start":{"line":38,"column":48},"end":{"line":38,"column":null}}]},"4":{"loc":{"start":{"line":37,"column":51},"end":{"line":38,"column":48}},"type":"binary-expr","locations":[{"start":{"line":37,"column":51},"end":{"line":38,"column":null}},{"start":{"line":38,"column":42},"end":{"line":38,"column":48}}]},"5":{"loc":{"start":{"line":38,"column":48},"end":{"line":39,"column":null}},"type":"cond-expr","locations":[{"start":{"line":39,"column":68},"end":{"line":39,"column":null}},{"start":{"line":39,"column":68},"end":{"line":39,"column":null}}]},"6":{"loc":{"start":{"line":38,"column":48},"end":{"line":39,"column":68}},"type":"binary-expr","locations":[{"start":{"line":38,"column":48},"end":{"line":39,"column":null}},{"start":{"line":39,"column":54},"end":{"line":39,"column":68}}]}},"s":{"0":0,"1":0,"2":0,"3":0,"4":0,"5":0,"6":0,"7":0,"8":0,"9":0,"10":0,"11":0,"12":0,"13":0,"14":0,"15":0,"16":0,"17":0,"18":0,"19":0,"20":0,"21":0,"22":0,"23":0,"24":0,"25":0,"26":0,"27":0},"f":{"0":0,"1":0,"2":0,"3":0,"4":0,"5":0,"6":0,"7":0},"b":{"0":[0],"1":[0,0],"2":[0,0],"3":[0,0],"4":[0,0],"5":[0,0],"6":[0,0]}},"/Users/anirudh/quizizz/mail-service/src/errors/base-error.ts":{"path":"/Users/anirudh/quizizz/mail-service/src/errors/base-error.ts","statementMap":{"0":{"start":{"line":1,"column":0},"end":{"line":1,"column":null}},"1":{"start":{"line":20,"column":4},"end":{"line":20,"column":15}},"2":{"start":{"line":21,"column":4},"end":{"line":21,"column":21}},"3":{"start":{"line":22,"column":4},"end":{"line":22,"column":21}},"4":{"start":{"line":23,"column":4},"end":{"line":23,"column":27}},"5":{"start":{"line":24,"column":4},"end":{"line":24,"column":21}},"6":{"start":{"line":25,"column":4},"end":{"line":27,"column":7}},"7":{"start":{"line":6,"column":0},"end":{"line":6,"column":21}}},"fnMap":{"0":{"name":"(anonymous_0)","decl":{"start":{"line":13,"column":2},"end":{"line":13,"column":null}},"loc":{"start":{"line":18,"column":14},"end":{"line":28,"column":3}}}},"branchMap":{},"s":{"0":0,"1":0,"2":0,"3":0,"4":0,"5":0,"6":0,"7":0},"f":{"0":0},"b":{}},"/Users/anirudh/quizizz/mail-service/src/utils/reflections.ts":{"path":"/Users/anirudh/quizizz/mail-service/src/utils/reflections.ts","statementMap":{"0":{"start":{"line":7,"column":2},"end":{"line":7,"column":25}},"1":{"start":{"line":6,"column":0},"end":{"line":6,"column":16}}},"fnMap":{"0":{"name":"isLocal","decl":{"start":{"line":6,"column":16},"end":{"line":6,"column":23}},"loc":{"start":{"line":6,"column":32},"end":{"line":8,"column":1}}}},"branchMap":{},"s":{"0":0,"1":0},"f":{"0":0},"b":{}},"/Users/anirudh/quizizz/mail-service/src/errors/validation-error.ts":{"path":"/Users/anirudh/quizizz/mail-service/src/errors/validation-error.ts","statementMap":{"0":{"start":{"line":1,"column":0},"end":{"line":1,"column":37}},"1":{"start":{"line":4,"column":18},"end":{"line":4,"column":21}},"2":{"start":{"line":5,"column":23},"end":{"line":5,"column":27}},"3":{"start":{"line":7,"column":4},"end":{"line":7,"column":77}},"4":{"start":{"line":3,"column":0},"end":{"line":3,"column":21}}},"fnMap":{"0":{"name":"(anonymous_1)","decl":{"start":{"line":6,"column":2},"end":{"line":6,"column":14}},"loc":{"start":{"line":6,"column":53},"end":{"line":8,"column":3}}}},"branchMap":{"0":{"loc":{"start":{"line":7,"column":10},"end":{"line":7,"column":35}},"type":"binary-expr","locations":[{"start":{"line":7,"column":10},"end":{"line":7,"column":13}},{"start":{"line":7,"column":17},"end":{"line":7,"column":35}}]}},"s":{"0":0,"1":0,"2":0,"3":0,"4":0},"f":{"0":0},"b":{"0":[0,0]}},"/Users/anirudh/quizizz/mail-service/src/errors/authentication-error.ts":{"path":"/Users/anirudh/quizizz/mail-service/src/errors/authentication-error.ts","statementMap":{"0":{"start":{"line":1,"column":0},"end":{"line":1,"column":37}},"1":{"start":{"line":4,"column":18},"end":{"line":4,"column":21}},"2":{"start":{"line":5,"column":26},"end":{"line":5,"column":30}},"3":{"start":{"line":8,"column":4},"end":{"line":8,"column":75}},"4":{"start":{"line":3,"column":0},"end":{"line":3,"column":21}}},"fnMap":{"0":{"name":"(anonymous_1)","decl":{"start":{"line":7,"column":2},"end":{"line":7,"column":14}},"loc":{"start":{"line":7,"column":53},"end":{"line":9,"column":3}}}},"branchMap":{"0":{"loc":{"start":{"line":8,"column":10},"end":{"line":8,"column":39}},"type":"binary-expr","locations":[{"start":{"line":8,"column":10},"end":{"line":8,"column":13}},{"start":{"line":8,"column":17},"end":{"line":8,"column":39}}]}},"s":{"0":0,"1":0,"2":0,"3":0,"4":0},"f":{"0":0},"b":{"0":[0,0]}},"/Users/anirudh/quizizz/mail-service/src/errors/unhandled-error.ts":{"path":"/Users/anirudh/quizizz/mail-service/src/errors/unhandled-error.ts","statementMap":{"0":{"start":{"line":1,"column":0},"end":{"line":1,"column":37}},"1":{"start":{"line":5,"column":4},"end":{"line":10,"column":6}},"2":{"start":{"line":3,"column":0},"end":{"line":3,"column":21}}},"fnMap":{"0":{"name":"(anonymous_1)","decl":{"start":{"line":4,"column":2},"end":{"line":4,"column":14}},"loc":{"start":{"line":4,"column":39},"end":{"line":11,"column":3}}}},"branchMap":{"0":{"loc":{"start":{"line":6,"column":6},"end":{"line":6,"column":63}},"type":"binary-expr","locations":[{"start":{"line":6,"column":6},"end":{"line":6,"column":17}},{"start":{"line":6,"column":21},"end":{"line":6,"column":63}}]}},"s":{"0":0,"1":0,"2":0},"f":{"0":0},"b":{"0":[0,0]}},"/Users/anirudh/quizizz/mail-service/src/middlewares/factory.middleware.ts":{"path":"/Users/anirudh/quizizz/mail-service/src/middlewares/factory.middleware.ts","statementMap":{"0":{"start":{"line":1,"column":0},"end":{"line":1,"column":55}},"1":{"start":{"line":2,"column":0},"end":{"line":2,"column":51}},"2":{"start":{"line":4,"column":0},"end":{"line":4,"column":47}},"3":{"start":{"line":5,"column":0},"end":{"line":5,"column":36}},"4":{"start":{"line":11,"column":0},"end":{"line":24,"column":null}},"5":{"start":{"line":13,"column":43},"end":{"line":13,"column":54}},"6":{"start":{"line":21,"column":27},"end":{"line":21,"column":79}},"7":{"start":{"line":22,"column":4},"end":{"line":22,"column":52}},"8":{"start":{"line":11,"column":21},"end":{"line":24,"column":null}},"9":{"start":{"line":11,"column":21},"end":{"line":11,"column":null}}},"fnMap":{"0":{"name":"(anonymous_5)","decl":{"start":{"line":12,"column":2},"end":{"line":12,"column":null}},"loc":{"start":{"line":13,"column":68},"end":{"line":14,"column":6}}},"1":{"name":"(anonymous_6)","decl":{"start":{"line":20,"column":2},"end":{"line":20,"column":22}},"loc":{"start":{"line":20,"column":59},"end":{"line":23,"column":3}}}},"branchMap":{"0":{"loc":{"start":{"line":13,"column":54},"end":{"line":13,"column":null}},"type":"cond-expr","locations":[{"start":{"line":13,"column":68},"end":{"line":13,"column":null}},{"start":{"line":13,"column":68},"end":{"line":13,"column":null}}]},"1":{"loc":{"start":{"line":13,"column":54},"end":{"line":13,"column":68}},"type":"binary-expr","locations":[{"start":{"line":13,"column":54},"end":{"line":13,"column":null}},{"start":{"line":13,"column":54},"end":{"line":13,"column":68}}]}},"s":{"0":0,"1":0,"2":0,"3":0,"4":0,"5":0,"6":0,"7":0,"8":0,"9":0},"f":{"0":0,"1":0},"b":{"0":[0,0],"1":[0,0]}},"/Users/anirudh/quizizz/mail-service/src/bootstrap/resources/kafka-resource.ts":{"path":"/Users/anirudh/quizizz/mail-service/src/bootstrap/resources/kafka-resource.ts","statementMap":{"0":{"start":{"line":2,"column":0},"end":{"line":2,"column":33}},"1":{"start":{"line":3,"column":0},"end":{"line":3,"column":36}},"2":{"start":{"line":4,"column":0},"end":{"line":4,"column":38}},"3":{"start":{"line":5,"column":0},"end":{"line":5,"column":55}},"4":{"start":{"line":6,"column":0},"end":{"line":6,"column":62}},"5":{"start":{"line":7,"column":0},"end":{"line":7,"column":47}},"6":{"start":{"line":8,"column":0},"end":{"line":8,"column":28}},"7":{"start":{"line":15,"column":0},"end":{"line":76,"column":null}},"8":{"start":{"line":20,"column":17},"end":{"line":20,"column":24}},"9":{"start":{"line":23,"column":34},"end":{"line":23,"column":42}},"10":{"start":{"line":24,"column":43},"end":{"line":24,"column":54}},"11":{"start":{"line":28,"column":42},"end":{"line":28,"column":59}},"12":{"start":{"line":29,"column":4},"end":{"line":29,"column":29}},"13":{"start":{"line":30,"column":4},"end":{"line":30,"column":27}},"14":{"start":{"line":31,"column":4},"end":{"line":31,"column":31}},"15":{"start":{"line":32,"column":4},"end":{"line":39,"column":6}},"16":{"start":{"line":40,"column":4},"end":{"line":40,"column":34}},"17":{"start":{"line":41,"column":4},"end":{"line":50,"column":7}},"18":{"start":{"line":44,"column":6},"end":{"line":49,"column":9}},"19":{"start":{"line":45,"column":8},"end":{"line":48,"column":10}},"20":{"start":{"line":51,"column":4},"end":{"line":51,"column":63}},"21":{"start":{"line":52,"column":4},"end":{"line":52,"column":57}},"22":{"start":{"line":56,"column":4},"end":{"line":56,"column":25}},"23":{"start":{"line":61,"column":6},"end":{"line":62,"column":33}},"24":{"start":{"line":63,"column":21},"end":{"line":70,"column":null}},"25":{"start":{"line":72,"column":4},"end":{"line":72,"column":29}},"26":{"start":{"line":73,"column":4},"end":{"line":73,"column":32}},"27":{"start":{"line":74,"column":4},"end":{"line":74,"column":20}},"28":{"start":{"line":15,"column":21},"end":{"line":76,"column":null}},"29":{"start":{"line":15,"column":21},"end":{"line":15,"column":null}}},"fnMap":{"0":{"name":"(anonymous_11)","decl":{"start":{"line":22,"column":2},"end":{"line":22,"column":null}},"loc":{"start":{"line":24,"column":68},"end":{"line":25,"column":6}}},"1":{"name":"(anonymous_12)","decl":{"start":{"line":27,"column":2},"end":{"line":27,"column":7}},"loc":{"start":{"line":27,"column":12},"end":{"line":53,"column":3}}},"2":{"name":"(anonymous_13)","decl":{"start":{"line":41,"column":26},"end":{"line":41,"column":29}},"loc":{"start":{"line":41,"column":31},"end":{"line":50,"column":5}}},"3":{"name":"(anonymous_14)","decl":{"start":{"line":44,"column":32},"end":{"line":44,"column":33}},"loc":{"start":{"line":44,"column":40},"end":{"line":49,"column":7}}},"4":{"name":"(anonymous_15)","decl":{"start":{"line":55,"column":2},"end":{"line":55,"column":13}},"loc":{"start":{"line":55,"column":13},"end":{"line":57,"column":3}}},"5":{"name":"(anonymous_16)","decl":{"start":{"line":59,"column":2},"end":{"line":59,"column":7}},"loc":{"start":{"line":59,"column":36},"end":{"line":75,"column":3}}}},"branchMap":{"0":{"loc":{"start":{"line":61,"column":6},"end":{"line":62,"column":33}},"type":"binary-expr","locations":[{"start":{"line":61,"column":6},"end":{"line":61,"column":56}},{"start":{"line":62,"column":6},"end":{"line":62,"column":33}}]},"1":{"loc":{"start":{"line":23,"column":42},"end":{"line":23,"column":null}},"type":"cond-expr","locations":[{"start":{"line":23,"column":48},"end":{"line":23,"column":null}},{"start":{"line":23,"column":48},"end":{"line":23,"column":null}}]},"2":{"loc":{"start":{"line":23,"column":42},"end":{"line":23,"column":48}},"type":"binary-expr","locations":[{"start":{"line":23,"column":42},"end":{"line":23,"column":null}},{"start":{"line":23,"column":42},"end":{"line":23,"column":48}}]},"3":{"loc":{"start":{"line":23,"column":48},"end":{"line":24,"column":null}},"type":"cond-expr","locations":[{"start":{"line":24,"column":68},"end":{"line":24,"column":null}},{"start":{"line":24,"column":68},"end":{"line":24,"column":null}}]},"4":{"loc":{"start":{"line":23,"column":48},"end":{"line":24,"column":68}},"type":"binary-expr","locations":[{"start":{"line":23,"column":48},"end":{"line":24,"column":null}},{"start":{"line":24,"column":54},"end":{"line":24,"column":68}}]}},"s":{"0":0,"1":0,"2":0,"3":0,"4":0,"5":0,"6":0,"7":0,"8":0,"9":0,"10":0,"11":0,"12":0,"13":0,"14":0,"15":0,"16":0,"17":0,"18":0,"19":0,"20":0,"21":0,"22":0,"23":0,"24":0,"25":0,"26":0,"27":0,"28":0,"29":0},"f":{"0":0,"1":0,"2":0,"3":0,"4":0,"5":0},"b":{"0":[0,0],"1":[0,0],"2":[0,0],"3":[0,0],"4":[0,0]}},"/Users/anirudh/quizizz/mail-service/src/config/index.ts":{"path":"/Users/anirudh/quizizz/mail-service/src/config/index.ts","statementMap":{"0":{"start":{"line":1,"column":0},"end":{"line":1,"column":40}},"1":{"start":{"line":2,"column":42},"end":{"line":2,"column":47}},"2":{"start":{"line":3,"column":0},"end":{"line":3,"column":41}},"3":{"start":{"line":5,"column":0},"end":{"line":5,"column":36}},"4":{"start":{"line":6,"column":0},"end":{"line":6,"column":47}},"5":{"start":{"line":7,"column":0},"end":{"line":7,"column":36}},"6":{"start":{"line":8,"column":0},"end":{"line":8,"column":51}},"7":{"start":{"line":11,"column":0},"end":{"line":110,"column":null}},"8":{"start":{"line":12,"column":16},"end":{"line":12,"column":20}},"9":{"start":{"line":13,"column":21},"end":{"line":13,"column":41}},"10":{"start":{"line":14,"column":20},"end":{"line":14,"column":24}},"11":{"start":{"line":15,"column":21},"end":{"line":15,"column":36}},"12":{"start":{"line":16,"column":26},"end":{"line":16,"column":43}},"13":{"start":{"line":17,"column":23},"end":{"line":17,"column":38}},"14":{"start":{"line":18,"column":19},"end":{"line":18,"column":33}},"15":{"start":{"line":19,"column":29},"end":{"line":21,"column":4}},"16":{"start":{"line":22,"column":66},"end":{"line":28,"column":4}},"17":{"start":{"line":40,"column":6},"end":{"line":40,"column":14}},"18":{"start":{"line":41,"column":30},"end":{"line":43,"column":4}},"19":{"start":{"line":52,"column":6},"end":{"line":59,"column":4}},"20":{"start":{"line":62,"column":4},"end":{"line":62,"column":38}},"21":{"start":{"line":63,"column":4},"end":{"line":63,"column":69}},"22":{"start":{"line":67,"column":4},"end":{"line":67,"column":45}},"23":{"start":{"line":75,"column":4},"end":{"line":81,"column":6}},"24":{"start":{"line":76,"column":6},"end":{"line":78,"column":null}},"25":{"start":{"line":77,"column":8},"end":{"line":77,"column":20}},"26":{"start":{"line":79,"column":22},"end":{"line":79,"column":47}},"27":{"start":{"line":80,"column":6},"end":{"line":80,"column":84}},"28":{"start":{"line":90,"column":4},"end":{"line":95,"column":6}},"29":{"start":{"line":91,"column":6},"end":{"line":93,"column":null}},"30":{"start":{"line":92,"column":8},"end":{"line":92,"column":19}},"31":{"start":{"line":94,"column":6},"end":{"line":94,"column":32}},"32":{"start":{"line":105,"column":46},"end":{"line":107,"column":6}},"33":{"start":{"line":108,"column":4},"end":{"line":108,"column":62}},"34":{"start":{"line":108,"column":40},"end":{"line":108,"column":59}},"35":{"start":{"line":11,"column":21},"end":{"line":110,"column":null}},"36":{"start":{"line":11,"column":21},"end":{"line":11,"column":null}}},"fnMap":{"0":{"name":"(anonymous_5)","decl":{"start":{"line":61,"column":2},"end":{"line":61,"column":15}},"loc":{"start":{"line":61,"column":55},"end":{"line":64,"column":3}}},"1":{"name":"(anonymous_6)","decl":{"start":{"line":66,"column":10},"end":{"line":66,"column":16}},"loc":{"start":{"line":66,"column":51},"end":{"line":68,"column":3}}},"2":{"name":"(anonymous_7)","decl":{"start":{"line":74,"column":10},"end":{"line":74,"column":20}},"loc":{"start":{"line":74,"column":20},"end":{"line":82,"column":3}}},"3":{"name":"(anonymous_8)","decl":{"start":{"line":75,"column":11},"end":{"line":75,"column":12}},"loc":{"start":{"line":75,"column":28},"end":{"line":81,"column":5}}},"4":{"name":"(anonymous_9)","decl":{"start":{"line":89,"column":10},"end":{"line":89,"column":27}},"loc":{"start":{"line":89,"column":38},"end":{"line":96,"column":3}}},"5":{"name":"(anonymous_10)","decl":{"start":{"line":90,"column":11},"end":{"line":90,"column":12}},"loc":{"start":{"line":90,"column":23},"end":{"line":95,"column":5}}},"6":{"name":"(anonymous_11)","decl":{"start":{"line":104,"column":9},"end":{"line":104,"column":14}},"loc":{"start":{"line":104,"column":19},"end":{"line":109,"column":3}}},"7":{"name":"(anonymous_12)","decl":{"start":{"line":108,"column":32},"end":{"line":108,"column":33}},"loc":{"start":{"line":108,"column":40},"end":{"line":108,"column":59}}}},"branchMap":{"0":{"loc":{"start":{"line":67,"column":11},"end":{"line":67,"column":44}},"type":"cond-expr","locations":[{"start":{"line":67,"column":28},"end":{"line":67,"column":35}},{"start":{"line":67,"column":38},"end":{"line":67,"column":44}}]},"1":{"loc":{"start":{"line":76,"column":6},"end":{"line":78,"column":null}},"type":"if","locations":[{"start":{"line":76,"column":6},"end":{"line":78,"column":null}}]},"2":{"loc":{"start":{"line":91,"column":6},"end":{"line":93,"column":null}},"type":"if","locations":[{"start":{"line":91,"column":6},"end":{"line":93,"column":null}}]},"3":{"loc":{"start":{"line":61,"column":45},"end":{"line":61,"column":null}},"type":"cond-expr","locations":[{"start":{"line":61,"column":55},"end":{"line":61,"column":null}},{"start":{"line":61,"column":55},"end":{"line":61,"column":null}}]},"4":{"loc":{"start":{"line":61,"column":45},"end":{"line":61,"column":55}},"type":"binary-expr","locations":[{"start":{"line":61,"column":45},"end":{"line":61,"column":null}},{"start":{"line":61,"column":45},"end":{"line":61,"column":55}}]}},"s":{"0":0,"1":0,"2":0,"3":0,"4":0,"5":0,"6":0,"7":0,"8":0,"9":0,"10":0,"11":0,"12":0,"13":0,"14":0,"15":0,"16":0,"17":0,"18":0,"19":0,"20":0,"21":0,"22":0,"23":0,"24":0,"25":0,"26":0,"27":0,"28":0,"29":0,"30":0,"31":0,"32":0,"33":0,"34":0,"35":0,"36":0},"f":{"0":0,"1":0,"2":0,"3":0,"4":0,"5":0,"6":0,"7":0},"b":{"0":[0,0],"1":[0],"2":[0],"3":[0,0],"4":[0,0]}},"/Users/anirudh/quizizz/mail-service/src/controllers/user.controller.ts":{"path":"/Users/anirudh/quizizz/mail-service/src/controllers/user.controller.ts","statementMap":{"0":{"start":{"line":3,"column":0},"end":{"line":3,"column":22}},"1":{"start":{"line":4,"column":0},"end":{"line":4,"column":47}},"2":{"start":{"line":5,"column":0},"end":{"line":5,"column":36}},"3":{"start":{"line":6,"column":0},"end":{"line":6,"column":58}},"4":{"start":{"line":9,"column":0},"end":{"line":43,"column":null}},"5":{"start":{"line":10,"column":50},"end":{"line":10,"column":63}},"6":{"start":{"line":13,"column":19},"end":{"line":26,"column":6}},"7":{"start":{"line":27,"column":22},"end":{"line":27,"column":43}},"8":{"start":{"line":28,"column":4},"end":{"line":34,"column":null}},"9":{"start":{"line":29,"column":35},"end":{"line":29,"column":40}},"10":{"start":{"line":30,"column":6},"end":{"line":33,"column":8}},"11":{"start":{"line":32,"column":49},"end":{"line":32,"column":74}},"12":{"start":{"line":38,"column":4},"end":{"line":38,"column":44}},"13":{"start":{"line":39,"column":4},"end":{"line":41,"column":6}},"14":{"start":{"line":9,"column":13},"end":{"line":43,"column":null}},"15":{"start":{"line":9,"column":13},"end":{"line":9,"column":27}}},"fnMap":{"0":{"name":"(anonymous_5)","decl":{"start":{"line":10,"column":2},"end":{"line":10,"column":15}},"loc":{"start":{"line":10,"column":75},"end":{"line":10,"column":79}}},"1":{"name":"(anonymous_6)","decl":{"start":{"line":12,"column":2},"end":{"line":12,"column":10}},"loc":{"start":{"line":12,"column":38},"end":{"line":35,"column":3}}},"2":{"name":"(anonymous_7)","decl":{"start":{"line":32,"column":38},"end":{"line":32,"column":39}},"loc":{"start":{"line":32,"column":49},"end":{"line":32,"column":74}}},"3":{"name":"(anonymous_8)","decl":{"start":{"line":37,"column":2},"end":{"line":37,"column":7}},"loc":{"start":{"line":37,"column":44},"end":{"line":42,"column":3}}}},"branchMap":{"0":{"loc":{"start":{"line":28,"column":4},"end":{"line":34,"column":null}},"type":"if","locations":[{"start":{"line":28,"column":4},"end":{"line":34,"column":null}}]},"1":{"loc":{"start":{"line":10,"column":63},"end":{"line":10,"column":78}},"type":"cond-expr","locations":[{"start":{"line":10,"column":75},"end":{"line":10,"column":78}},{"start":{"line":10,"column":75},"end":{"line":10,"column":78}}]},"2":{"loc":{"start":{"line":10,"column":63},"end":{"line":10,"column":75}},"type":"binary-expr","locations":[{"start":{"line":10,"column":63},"end":{"line":10,"column":78}},{"start":{"line":10,"column":63},"end":{"line":10,"column":75}}]}},"s":{"0":0,"1":0,"2":0,"3":0,"4":0,"5":0,"6":0,"7":0,"8":0,"9":0,"10":0,"11":0,"12":0,"13":0,"14":0,"15":0},"f":{"0":0,"1":0,"2":0,"3":0},"b":{"0":[0],"1":[0,0],"2":[0,0]}},"/Users/anirudh/quizizz/mail-service/src/controllers/index.ts":{"path":"/Users/anirudh/quizizz/mail-service/src/controllers/index.ts","statementMap":{"0":{"start":{"line":1,"column":0},"end":{"line":1,"column":9}},"1":{"start":{"line":5,"column":9},"end":{"line":1,"column":51}},"2":{"start":{"line":2,"column":0},"end":{"line":2,"column":9}},"3":{"start":{"line":5,"column":25},"end":{"line":2,"column":51}},"4":{"start":{"line":3,"column":0},"end":{"line":3,"column":9}},"5":{"start":{"line":5,"column":41},"end":{"line":3,"column":66}}},"fnMap":{"0":{"name":"(anonymous_0)","decl":{"start":{"line":5,"column":9},"end":{"line":5,"column":23}},"loc":{"start":{"line":5,"column":9},"end":{"line":1,"column":51}}},"1":{"name":"(anonymous_1)","decl":{"start":{"line":5,"column":25},"end":{"line":5,"column":39}},"loc":{"start":{"line":5,"column":25},"end":{"line":2,"column":51}}},"2":{"name":"(anonymous_2)","decl":{"start":{"line":5,"column":41},"end":{"line":5,"column":62}},"loc":{"start":{"line":5,"column":41},"end":{"line":3,"column":66}}}},"branchMap":{},"s":{"0":0,"1":0,"2":0,"3":0,"4":0,"5":0},"f":{"0":0,"1":0,"2":0},"b":{}},"/Users/anirudh/quizizz/mail-service/src/controllers/factory.controller.ts":{"path":"/Users/anirudh/quizizz/mail-service/src/controllers/factory.controller.ts","statementMap":{"0":{"start":{"line":1,"column":0},"end":{"line":1,"column":55}},"1":{"start":{"line":3,"column":0},"end":{"line":3,"column":47}},"2":{"start":{"line":4,"column":0},"end":{"line":4,"column":49}},"3":{"start":{"line":5,"column":0},"end":{"line":5,"column":47}},"4":{"start":{"line":6,"column":0},"end":{"line":6,"column":36}},"5":{"start":{"line":7,"column":0},"end":{"line":7,"column":57}},"6":{"start":{"line":10,"column":0},"end":{"line":33,"column":null}},"7":{"start":{"line":12,"column":43},"end":{"line":12,"column":54}},"8":{"start":{"line":13,"column":41},"end":{"line":13,"column":55}},"9":{"start":{"line":17,"column":27},"end":{"line":20,"column":null}},"10":{"start":{"line":22,"column":4},"end":{"line":22,"column":52}},"11":{"start":{"line":26,"column":28},"end":{"line":29,"column":null}},"12":{"start":{"line":31,"column":4},"end":{"line":31,"column":54}},"13":{"start":{"line":10,"column":13},"end":{"line":33,"column":null}},"14":{"start":{"line":10,"column":13},"end":{"line":10,"column":30}}},"fnMap":{"0":{"name":"(anonymous_5)","decl":{"start":{"line":11,"column":2},"end":{"line":11,"column":null}},"loc":{"start":{"line":13,"column":67},"end":{"line":14,"column":6}}},"1":{"name":"(anonymous_6)","decl":{"start":{"line":16,"column":2},"end":{"line":16,"column":22}},"loc":{"start":{"line":16,"column":49},"end":{"line":23,"column":3}}},"2":{"name":"(anonymous_7)","decl":{"start":{"line":25,"column":2},"end":{"line":25,"column":23}},"loc":{"start":{"line":25,"column":50},"end":{"line":32,"column":3}}}},"branchMap":{"0":{"loc":{"start":{"line":12,"column":54},"end":{"line":12,"column":null}},"type":"cond-expr","locations":[{"start":{"line":12,"column":68},"end":{"line":12,"column":null}},{"start":{"line":12,"column":68},"end":{"line":12,"column":null}}]},"1":{"loc":{"start":{"line":12,"column":54},"end":{"line":12,"column":68}},"type":"binary-expr","locations":[{"start":{"line":12,"column":54},"end":{"line":12,"column":null}},{"start":{"line":12,"column":54},"end":{"line":12,"column":68}}]},"2":{"loc":{"start":{"line":12,"column":68},"end":{"line":13,"column":null}},"type":"cond-expr","locations":[{"start":{"line":13,"column":67},"end":{"line":13,"column":null}},{"start":{"line":13,"column":67},"end":{"line":13,"column":null}}]},"3":{"loc":{"start":{"line":12,"column":68},"end":{"line":13,"column":67}},"type":"binary-expr","locations":[{"start":{"line":12,"column":68},"end":{"line":13,"column":null}},{"start":{"line":13,"column":55},"end":{"line":13,"column":67}}]}},"s":{"0":0,"1":0,"2":0,"3":0,"4":0,"5":0,"6":0,"7":0,"8":0,"9":0,"10":0,"11":0,"12":0,"13":0,"14":0},"f":{"0":0,"1":0,"2":0},"b":{"0":[0,0],"1":[0,0],"2":[0,0],"3":[0,0]}},"/Users/anirudh/quizizz/mail-service/src/controllers/http.controller.ts":{"path":"/Users/anirudh/quizizz/mail-service/src/controllers/http.controller.ts","statementMap":{"0":{"start":{"line":7,"column":0},"end":{"line":7,"column":59}},"1":{"start":{"line":9,"column":0},"end":{"line":9,"column":38}},"2":{"start":{"line":15,"column":12},"end":{"line":15,"column":38}},"3":{"start":{"line":16,"column":12},"end":{"line":16,"column":37}},"4":{"start":{"line":17,"column":12},"end":{"line":17,"column":38}},"5":{"start":{"line":21,"column":28},"end":{"line":21,"column":53}},"6":{"start":{"line":22,"column":36},"end":{"line":22,"column":39}},"7":{"start":{"line":24,"column":4},"end":{"line":82,"column":null}},"8":{"start":{"line":25,"column":46},"end":{"line":32,"column":8}},"9":{"start":{"line":35,"column":6},"end":{"line":37,"column":null}},"10":{"start":{"line":36,"column":8},"end":{"line":36,"column":42}},"11":{"start":{"line":40,"column":6},"end":{"line":54,"column":null}},"12":{"start":{"line":41,"column":27},"end":{"line":41,"column":61}},"13":{"start":{"line":43,"column":8},"end":{"line":53,"column":null}},"14":{"start":{"line":44,"column":10},"end":{"line":49,"column":null}},"15":{"start":{"line":45,"column":12},"end":{"line":48,"column":14}},"16":{"start":{"line":47,"column":50},"end":{"line":47,"column":59}},"17":{"start":{"line":50,"column":10},"end":{"line":52,"column":null}},"18":{"start":{"line":51,"column":12},"end":{"line":51,"column":57}},"19":{"start":{"line":58,"column":8},"end":{"line":58,"column":51}},"20":{"start":{"line":61,"column":6},"end":{"line":65,"column":9}},"21":{"start":{"line":62,"column":20},"end":{"line":62,"column":42}},"22":{"start":{"line":63,"column":22},"end":{"line":63,"column":33}},"23":{"start":{"line":64,"column":8},"end":{"line":64,"column":28}},"24":{"start":{"line":66,"column":6},"end":{"line":66,"column":70}},"25":{"start":{"line":68,"column":6},"end":{"line":74,"column":9}},"26":{"start":{"line":76,"column":6},"end":{"line":81,"column":9}},"27":{"start":{"line":13,"column":0},"end":{"line":13,"column":21}}},"fnMap":{"0":{"name":"(anonymous_1)","decl":{"start":{"line":14,"column":2},"end":{"line":14,"column":null}},"loc":{"start":{"line":17,"column":38},"end":{"line":18,"column":6}}},"1":{"name":"(anonymous_2)","decl":{"start":{"line":20,"column":2},"end":{"line":20,"column":7}},"loc":{"start":{"line":20,"column":54},"end":{"line":83,"column":3}}},"2":{"name":"(anonymous_3)","decl":{"start":{"line":47,"column":43},"end":{"line":47,"column":44}},"loc":{"start":{"line":47,"column":50},"end":{"line":47,"column":59}}},"3":{"name":"(anonymous_4)","decl":{"start":{"line":61,"column":18},"end":{"line":61,"column":19}},"loc":{"start":{"line":61,"column":29},"end":{"line":65,"column":7}}}},"branchMap":{"0":{"loc":{"start":{"line":21,"column":12},"end":{"line":21,"column":23}},"type":"default-arg","locations":[{"start":{"line":21,"column":21},"end":{"line":21,"column":23}}]},"1":{"loc":{"start":{"line":35,"column":6},"end":{"line":37,"column":null}},"type":"if","locations":[{"start":{"line":35,"column":6},"end":{"line":37,"column":null}}]},"2":{"loc":{"start":{"line":40,"column":6},"end":{"line":54,"column":null}},"type":"if","locations":[{"start":{"line":40,"column":6},"end":{"line":54,"column":null}}]},"3":{"loc":{"start":{"line":43,"column":8},"end":{"line":53,"column":null}},"type":"if","locations":[{"start":{"line":43,"column":8},"end":{"line":53,"column":null}}]},"4":{"loc":{"start":{"line":44,"column":10},"end":{"line":49,"column":null}},"type":"if","locations":[{"start":{"line":44,"column":10},"end":{"line":49,"column":null}}]},"5":{"loc":{"start":{"line":46,"column":14},"end":{"line":46,"column":53}},"type":"binary-expr","locations":[{"start":{"line":46,"column":14},"end":{"line":46,"column":30}},{"start":{"line":46,"column":34},"end":{"line":46,"column":53}}]},"6":{"loc":{"start":{"line":50,"column":10},"end":{"line":52,"column":null}},"type":"if","locations":[{"start":{"line":50,"column":10},"end":{"line":52,"column":null}}]},"7":{"loc":{"start":{"line":57,"column":14},"end":{"line":57,"column":23}},"type":"default-arg","locations":[{"start":{"line":57,"column":21},"end":{"line":57,"column":23}}]},"8":{"loc":{"start":{"line":57,"column":25},"end":{"line":57,"column":37}},"type":"default-arg","locations":[{"start":{"line":57,"column":35},"end":{"line":57,"column":37}}]},"9":{"loc":{"start":{"line":58,"column":8},"end":{"line":58,"column":51}},"type":"binary-expr","locations":[{"start":{"line":58,"column":9},"end":{"line":58,"column":44}},{"start":{"line":58,"column":49},"end":{"line":58,"column":51}}]},"10":{"loc":{"start":{"line":76,"column":17},"end":{"line":76,"column":32}},"type":"binary-expr","locations":[{"start":{"line":76,"column":17},"end":{"line":76,"column":25}},{"start":{"line":76,"column":29},"end":{"line":76,"column":32}}]}},"s":{"0":0,"1":0,"2":0,"3":0,"4":0,"5":0,"6":0,"7":0,"8":0,"9":0,"10":0,"11":0,"12":0,"13":0,"14":0,"15":0,"16":0,"17":0,"18":0,"19":0,"20":0,"21":0,"22":0,"23":0,"24":0,"25":0,"26":0,"27":0},"f":{"0":0,"1":0,"2":0,"3":0},"b":{"0":[0],"1":[0],"2":[0],"3":[0],"4":[0],"5":[0,0],"6":[0],"7":[0],"8":[0],"9":[0,0],"10":[0,0]}},"/Users/anirudh/quizizz/mail-service/src/controllers/meta.controller.ts":{"path":"/Users/anirudh/quizizz/mail-service/src/controllers/meta.controller.ts","statementMap":{"0":{"start":{"line":1,"column":0},"end":{"line":1,"column":33}},"1":{"start":{"line":2,"column":0},"end":{"line":2,"column":36}},"2":{"start":{"line":3,"column":0},"end":{"line":3,"column":47}},"3":{"start":{"line":7,"column":0},"end":{"line":17,"column":null}},"4":{"start":{"line":8,"column":44},"end":{"line":8,"column":52}},"5":{"start":{"line":10,"column":4},"end":{"line":15,"column":6}},"6":{"start":{"line":7,"column":13},"end":{"line":17,"column":null}},"7":{"start":{"line":7,"column":13},"end":{"line":7,"column":27}},"8":{"start":{"line":20,"column":0},"end":{"line":26,"column":null}},"9":{"start":{"line":22,"column":4},"end":{"line":24,"column":6}},"10":{"start":{"line":20,"column":13},"end":{"line":26,"column":null}},"11":{"start":{"line":20,"column":13},"end":{"line":20,"column":29}}},"fnMap":{"0":{"name":"(anonymous_5)","decl":{"start":{"line":8,"column":2},"end":{"line":8,"column":15}},"loc":{"start":{"line":8,"column":58},"end":{"line":8,"column":62}}},"1":{"name":"(anonymous_6)","decl":{"start":{"line":9,"column":2},"end":{"line":9,"column":7}},"loc":{"start":{"line":9,"column":15},"end":{"line":16,"column":3}}},"2":{"name":"(anonymous_7)","decl":{"start":{"line":21,"column":2},"end":{"line":21,"column":7}},"loc":{"start":{"line":21,"column":15},"end":{"line":25,"column":3}}}},"branchMap":{"0":{"loc":{"start":{"line":8,"column":52},"end":{"line":8,"column":61}},"type":"cond-expr","locations":[{"start":{"line":8,"column":58},"end":{"line":8,"column":61}},{"start":{"line":8,"column":58},"end":{"line":8,"column":61}}]},"1":{"loc":{"start":{"line":8,"column":52},"end":{"line":8,"column":58}},"type":"binary-expr","locations":[{"start":{"line":8,"column":52},"end":{"line":8,"column":61}},{"start":{"line":8,"column":52},"end":{"line":8,"column":58}}]}},"s":{"0":0,"1":0,"2":0,"3":0,"4":0,"5":0,"6":0,"7":0,"8":0,"9":0,"10":0,"11":0},"f":{"0":0,"1":0,"2":0},"b":{"0":[0,0],"1":[0,0]}},"/Users/anirudh/quizizz/mail-service/src/controllers/random-error.controller.ts":{"path":"/Users/anirudh/quizizz/mail-service/src/controllers/random-error.controller.ts","statementMap":{"0":{"start":{"line":2,"column":0},"end":{"line":2,"column":47}},"1":{"start":{"line":3,"column":0},"end":{"line":3,"column":39}},"2":{"start":{"line":7,"column":0},"end":{"line":17,"column":null}},"3":{"start":{"line":15,"column":4},"end":{"line":15,"column":77}},"4":{"start":{"line":7,"column":13},"end":{"line":17,"column":null}},"5":{"start":{"line":7,"column":13},"end":{"line":7,"column":34}}},"fnMap":{"0":{"name":"(anonymous_2)","decl":{"start":{"line":12,"column":2},"end":{"line":12,"column":6}},"loc":{"start":{"line":13,"column":44},"end":{"line":16,"column":3}}}},"branchMap":{},"s":{"0":0,"1":0,"2":0,"3":0,"4":0,"5":0},"f":{"0":0},"b":{}},"/Users/anirudh/quizizz/mail-service/src/controllers/kafka.controller.ts":{"path":"/Users/anirudh/quizizz/mail-service/src/controllers/kafka.controller.ts","statementMap":{"0":{"start":{"line":3,"column":0},"end":{"line":3,"column":59}},"1":{"start":{"line":4,"column":0},"end":{"line":4,"column":38}},"2":{"start":{"line":9,"column":12},"end":{"line":9,"column":38}},"3":{"start":{"line":10,"column":12},"end":{"line":10,"column":37}},"4":{"start":{"line":11,"column":12},"end":{"line":11,"column":38}},"5":{"start":{"line":15,"column":4},"end":{"line":53,"column":null}},"6":{"start":{"line":17,"column":6},"end":{"line":19,"column":null}},"7":{"start":{"line":18,"column":8},"end":{"line":18,"column":43}},"8":{"start":{"line":22,"column":6},"end":{"line":36,"column":null}},"9":{"start":{"line":23,"column":27},"end":{"line":23,"column":62}},"10":{"start":{"line":25,"column":8},"end":{"line":35,"column":null}},"11":{"start":{"line":26,"column":10},"end":{"line":31,"column":null}},"12":{"start":{"line":27,"column":12},"end":{"line":30,"column":14}},"13":{"start":{"line":29,"column":50},"end":{"line":29,"column":59}},"14":{"start":{"line":32,"column":10},"end":{"line":34,"column":null}},"15":{"start":{"line":33,"column":12},"end":{"line":33,"column":57}},"16":{"start":{"line":39,"column":6},"end":{"line":44,"column":null}},"17":{"start":{"line":40,"column":8},"end":{"line":43,"column":11}},"18":{"start":{"line":46,"column":6},"end":{"line":51,"column":9}},"19":{"start":{"line":52,"column":6},"end":{"line":52,"column":16}},"20":{"start":{"line":7,"column":0},"end":{"line":7,"column":21}}},"fnMap":{"0":{"name":"(anonymous_1)","decl":{"start":{"line":8,"column":2},"end":{"line":8,"column":null}},"loc":{"start":{"line":11,"column":38},"end":{"line":12,"column":6}}},"1":{"name":"(anonymous_2)","decl":{"start":{"line":14,"column":2},"end":{"line":14,"column":7}},"loc":{"start":{"line":14,"column":44},"end":{"line":54,"column":3}}},"2":{"name":"(anonymous_3)","decl":{"start":{"line":29,"column":43},"end":{"line":29,"column":44}},"loc":{"start":{"line":29,"column":50},"end":{"line":29,"column":59}}}},"branchMap":{"0":{"loc":{"start":{"line":17,"column":6},"end":{"line":19,"column":null}},"type":"if","locations":[{"start":{"line":17,"column":6},"end":{"line":19,"column":null}}]},"1":{"loc":{"start":{"line":22,"column":6},"end":{"line":36,"column":null}},"type":"if","locations":[{"start":{"line":22,"column":6},"end":{"line":36,"column":null}}]},"2":{"loc":{"start":{"line":25,"column":8},"end":{"line":35,"column":null}},"type":"if","locations":[{"start":{"line":25,"column":8},"end":{"line":35,"column":null}}]},"3":{"loc":{"start":{"line":26,"column":10},"end":{"line":31,"column":null}},"type":"if","locations":[{"start":{"line":26,"column":10},"end":{"line":31,"column":null}}]},"4":{"loc":{"start":{"line":28,"column":14},"end":{"line":28,"column":53}},"type":"binary-expr","locations":[{"start":{"line":28,"column":14},"end":{"line":28,"column":30}},{"start":{"line":28,"column":34},"end":{"line":28,"column":53}}]},"5":{"loc":{"start":{"line":32,"column":10},"end":{"line":34,"column":null}},"type":"if","locations":[{"start":{"line":32,"column":10},"end":{"line":34,"column":null}}]},"6":{"loc":{"start":{"line":39,"column":6},"end":{"line":44,"column":null}},"type":"if","locations":[{"start":{"line":39,"column":6},"end":{"line":44,"column":null}}]}},"s":{"0":0,"1":0,"2":0,"3":0,"4":0,"5":0,"6":0,"7":0,"8":0,"9":0,"10":0,"11":0,"12":0,"13":0,"14":0,"15":0,"16":0,"17":0,"18":0,"19":0,"20":0},"f":{"0":0,"1":0,"2":0},"b":{"0":[0],"1":[0],"2":[0],"3":[0],"4":[0,0],"5":[0],"6":[0]}},"/Users/anirudh/quizizz/mail-service/src/bootstrap/bootstrap.ts":{"path":"/Users/anirudh/quizizz/mail-service/src/bootstrap/bootstrap.ts","statementMap":{"0":{"start":{"line":1,"column":0},"end":{"line":1,"column":33}},"1":{"start":{"line":2,"column":0},"end":{"line":2,"column":57}},"2":{"start":{"line":4,"column":0},"end":{"line":4,"column":47}},"3":{"start":{"line":5,"column":0},"end":{"line":5,"column":47}},"4":{"start":{"line":6,"column":0},"end":{"line":6,"column":36}},"5":{"start":{"line":7,"column":0},"end":{"line":7,"column":51}},"6":{"start":{"line":14,"column":0},"end":{"line":69,"column":null}},"7":{"start":{"line":26,"column":4},"end":{"line":26,"column":37}},"8":{"start":{"line":27,"column":4},"end":{"line":27,"column":38}},"9":{"start":{"line":28,"column":4},"end":{"line":28,"column":24}},"10":{"start":{"line":29,"column":4},"end":{"line":29,"column":37}},"11":{"start":{"line":30,"column":4},"end":{"line":30,"column":25}},"12":{"start":{"line":34,"column":4},"end":{"line":34,"column":34}},"13":{"start":{"line":35,"column":4},"end":{"line":35,"column":16}},"14":{"start":{"line":43,"column":27},"end":{"line":43,"column":69}},"15":{"start":{"line":44,"column":4},"end":{"line":44,"column":39}},"16":{"start":{"line":46,"column":4},"end":{"line":46,"column":23}},"17":{"start":{"line":48,"column":4},"end":{"line":52,"column":6}},"18":{"start":{"line":49,"column":6},"end":{"line":51,"column":8}},"19":{"start":{"line":54,"column":20},"end":{"line":55,"column":null}},"20":{"start":{"line":55,"column":39},"end":{"line":55,"column":54}},"21":{"start":{"line":58,"column":4},"end":{"line":65,"column":7}},"22":{"start":{"line":59,"column":6},"end":{"line":64,"column":null}},"23":{"start":{"line":60,"column":8},"end":{"line":63,"column":11}},"24":{"start":{"line":67,"column":4},"end":{"line":67,"column":23}},"25":{"start":{"line":14,"column":21},"end":{"line":69,"column":null}},"26":{"start":{"line":14,"column":21},"end":{"line":14,"column":null}}},"fnMap":{"0":{"name":"(anonymous_5)","decl":{"start":{"line":21,"column":2},"end":{"line":21,"column":null}},"loc":{"start":{"line":24,"column":40},"end":{"line":31,"column":3}}},"1":{"name":"(anonymous_6)","decl":{"start":{"line":33,"column":2},"end":{"line":33,"column":14}},"loc":{"start":{"line":33,"column":33},"end":{"line":36,"column":3}}},"2":{"name":"(anonymous_7)","decl":{"start":{"line":42,"column":2},"end":{"line":42,"column":7}},"loc":{"start":{"line":42,"column":12},"end":{"line":68,"column":3}}},"3":{"name":"(anonymou
[...]
":13,"column":72},"end":{"line":13,"column":75}}]},"1":{"loc":{"start":{"line":13,"column":56},"end":{"line":13,"column":72}},"type":"binary-expr","locations":[{"start":{"line":13,"column":56},"end":{"line":13,"column":75}},{"start":{"line":13,"column":56},"end":{"line":13,"column":72}}]}},"s":{"0":0,"1":0,"2":0,"3":0,"4":0,"5":0,"6":0,"7":0,"8":0,"9":0},"f":{"0":0,"1":0},"b":{"0":[0,0],"1":[0,0]}},"/Users/anirudh/quizizz/mail-service/src/routes/http/index.ts":{"path":"/Users/anirudh/quizizz/mail-service/src/routes/http/index.ts","statementMap":{"0":{"start":{"line":1,"column":0},"end":{"line":1,"column":62}},"1":{"start":{"line":3,"column":0},"end":{"line":3,"column":36}},"2":{"start":{"line":4,"column":0},"end":{"line":4,"column":33}},"3":{"start":{"line":5,"column":0},"end":{"line":5,"column":47}},"4":{"start":{"line":12,"column":0},"end":{"line":54,"column":null}},"5":{"start":{"line":14,"column":46},"end":{"line":14,"column":72}},"6":{"start":{"line":15,"column":43},"end":{"line":15,"column":59}},"7":{"start":{"line":16,"column":43},"end":{"line":16,"column":59}},"8":{"start":{"line":18,"column":12},"end":{"line":18,"column":35}},"9":{"start":{"line":26,"column":19},"end":{"line":26,"column":27}},"10":{"start":{"line":27,"column":4},"end":{"line":30,"column":6}},"11":{"start":{"line":31,"column":4},"end":{"line":34,"column":6}},"12":{"start":{"line":35,"column":4},"end":{"line":35,"column":18}},"13":{"start":{"line":43,"column":19},"end":{"line":43,"column":27}},"14":{"start":{"line":44,"column":4},"end":{"line":44,"column":78}},"15":{"start":{"line":45,"column":4},"end":{"line":45,"column":18}},"16":{"start":{"line":49,"column":17},"end":{"line":49,"column":25}},"17":{"start":{"line":50,"column":4},"end":{"line":50,"column":37}},"18":{"start":{"line":51,"column":4},"end":{"line":51,"column":32}},"19":{"start":{"line":52,"column":4},"end":{"line":52,"column":16}},"20":{"start":{"line":12,"column":13},"end":{"line":54,"column":null}},"21":{"start":{"line":12,"column":13},"end":{"line":12,"column":23}}},"fnMap":{"0":{"name":"(anonymous_5)","decl":{"start":{"line":13,"column":2},"end":{"line":13,"column":null}},"loc":{"start":{"line":18,"column":49},"end":{"line":19,"column":6}}},"1":{"name":"(anonymous_6)","decl":{"start":{"line":25,"column":2},"end":{"line":25,"column":4}},"loc":{"start":{"line":25,"column":4},"end":{"line":36,"column":3}}},"2":{"name":"(anonymous_7)","decl":{"start":{"line":42,"column":2},"end":{"line":42,"column":6}},"loc":{"start":{"line":42,"column":6},"end":{"line":46,"column":3}}},"3":{"name":"(anonymous_8)","decl":{"start":{"line":48,"column":2},"end":{"line":48,"column":6}},"loc":{"start":{"line":48,"column":6},"end":{"line":53,"column":3}}}},"branchMap":{"0":{"loc":{"start":{"line":15,"column":59},"end":{"line":15,"column":null}},"type":"cond-expr","locations":[{"start":{"line":15,"column":73},"end":{"line":15,"column":null}},{"start":{"line":15,"column":73},"end":{"line":15,"column":null}}]},"1":{"loc":{"start":{"line":15,"column":59},"end":{"line":15,"column":73}},"type":"binary-expr","locations":[{"start":{"line":15,"column":59},"end":{"line":15,"column":null}},{"start":{"line":15,"column":59},"end":{"line":15,"column":73}}]},"2":{"loc":{"start":{"line":15,"column":73},"end":{"line":16,"column":null}},"type":"cond-expr","locations":[{"start":{"line":16,"column":73},"end":{"line":16,"column":null}},{"start":{"line":16,"column":73},"end":{"line":16,"column":null}}]},"3":{"loc":{"start":{"line":15,"column":73},"end":{"line":16,"column":73}},"type":"binary-expr","locations":[{"start":{"line":15,"column":73},"end":{"line":16,"column":null}},{"start":{"line":16,"column":59},"end":{"line":16,"column":73}}]},"4":{"loc":{"start":{"line":16,"column":73},"end":{"line":18,"column":null}},"type":"cond-expr","locations":[{"start":{"line":18,"column":49},"end":{"line":18,"column":null}},{"start":{"line":18,"column":49},"end":{"line":18,"column":null}}]},"5":{"loc":{"start":{"line":16,"column":73},"end":{"line":18,"column":49}},"type":"binary-expr","locations":[{"start":{"line":16,"column":73},"end":{"line":18,"column":null}},{"start":{"line":18,"column":35},"end":{"line":18,"column":49}}]}},"s":{"0":0,"1":0,"2":0,"3":0,"4":0,"5":0,"6":0,"7":0,"8":0,"9":0,"10":0,"11":0,"12":0,"13":0,"14":0,"15":0,"16":0,"17":0,"18":0,"19":0,"20":0,"21":0},"f":{"0":0,"1":0,"2":0,"3":0},"b":{"0":[0,0],"1":[0,0],"2":[0,0],"3":[0,0],"4":[0,0],"5":[0,0]}},"/Users/anirudh/quizizz/mail-service/src/apps/kafka.app.ts":{"path":"/Users/anirudh/quizizz/mail-service/src/apps/kafka.app.ts","statementMap":{"0":{"start":{"line":1,"column":0},"end":{"line":1,"column":49}},"1":{"start":{"line":2,"column":0},"end":{"line":2,"column":72}},"2":{"start":{"line":3,"column":0},"end":{"line":3,"column":68}},"3":{"start":{"line":4,"column":0},"end":{"line":4,"column":74}},"4":{"start":{"line":5,"column":0},"end":{"line":5,"column":33}},"5":{"start":{"line":6,"column":0},"end":{"line":6,"column":36}},"6":{"start":{"line":7,"column":0},"end":{"line":7,"column":50}},"7":{"start":{"line":8,"column":0},"end":{"line":8,"column":51}},"8":{"start":{"line":9,"column":0},"end":{"line":9,"column":48}},"9":{"start":{"line":10,"column":0},"end":{"line":10,"column":43}},"10":{"start":{"line":11,"column":0},"end":{"line":11,"column":47}},"11":{"start":{"line":12,"column":0},"end":{"line":12,"column":28}},"12":{"start":{"line":15,"column":0},"end":{"line":72,"column":null}},"13":{"start":{"line":19,"column":31},"end":{"line":19,"column":43}},"14":{"start":{"line":20,"column":34},"end":{"line":20,"column":42}},"15":{"start":{"line":21,"column":37},"end":{"line":21,"column":48}},"16":{"start":{"line":22,"column":40},"end":{"line":22,"column":53}},"17":{"start":{"line":23,"column":34},"end":{"line":23,"column":42}},"18":{"start":{"line":26,"column":35},"end":{"line":26,"column":52}},"19":{"start":{"line":27,"column":33},"end":{"line":27,"column":48}},"20":{"start":{"line":28,"column":36},"end":{"line":28,"column":54}},"21":{"start":{"line":30,"column":4},"end":{"line":30,"column":25}},"22":{"start":{"line":34,"column":4},"end":{"line":38,"column":14}},"23":{"start":{"line":41,"column":6},"end":{"line":41,"column":58}},"24":{"start":{"line":43,"column":4},"end":{"line":50,"column":6}},"25":{"start":{"line":54,"column":4},"end":{"line":70,"column":7}},"26":{"start":{"line":55,"column":6},"end":{"line":55,"column":24}},"27":{"start":{"line":57,"column":6},"end":{"line":57,"column":49}},"28":{"start":{"line":59,"column":25},"end":{"line":59,"column":58}},"29":{"start":{"line":60,"column":25},"end":{"line":60,"column":43}},"30":{"start":{"line":61,"column":6},"end":{"line":61,"column":31}},"31":{"start":{"line":62,"column":6},"end":{"line":62,"column":58}},"32":{"start":{"line":64,"column":6},"end":{"line":69,"column":9}},"33":{"start":{"line":65,"column":8},"end":{"line":67,"column":10}},"34":{"start":{"line":68,"column":8},"end":{"line":68,"column":14}},"35":{"start":{"line":15,"column":21},"end":{"line":72,"column":null}},"36":{"start":{"line":15,"column":21},"end":{"line":15,"column":null}}},"fnMap":{"0":{"name":"(anonymous_11)","decl":{"start":{"line":18,"column":2},"end":{"line":18,"column":null}},"loc":{"start":{"line":28,"column":70},"end":{"line":31,"column":3}}},"1":{"name":"(anonymous_12)","decl":{"start":{"line":33,"column":2},"end":{"line":33,"column":7}},"loc":{"start":{"line":33,"column":12},"end":{"line":51,"column":3}}},"2":{"name":"(anonymous_13)","decl":{"start":{"line":53,"column":2},"end":{"line":53,"column":7}},"loc":{"start":{"line":53,"column":7},"end":{"line":71,"column":3}}},"3":{"name":"(anonymous_14)","decl":{"start":{"line":54,"column":23},"end":{"line":54,"column":28}},"loc":{"start":{"line":54,"column":37},"end":{"line":70,"column":5}}},"4":{"name":"(anonymous_15)","decl":{"start":{"line":64,"column":48},"end":{"line":64,"column":51}},"loc":{"start":{"line":64,"column":53},"end":{"line":69,"column":7}}}},"branchMap":{"0":{"loc":{"start":{"line":41,"column":6},"end":{"line":41,"column":58}},"type":"cond-expr","locations":[{"start":{"line":41,"column":39},"end":{"line":41,"column":45}},{"start":{"line":41,"column":48},"end":{"line":41,"column":58}}]},"1":{"loc":{"start":{"line":19,"column":43},"end":{"line":19,"column":null}},"type":"cond-expr","locations":[{"start":{"line":19,"column":53},"end":{"line":19,"column":null}},{"start":{"line":19,"column":53},"end":{"line":19,"column":null}}]},"2":{"loc":{"start":{"line":19,"column":43},"end":{"line":19,"column":53}},"type":"binary-expr","locations":[{"start":{"line":19,"column":43},"end":{"line":19,"column":null}},{"start":{"line":19,"column":43},"end":{"line":19,"column":53}}]},"3":{"loc":{"start":{"line":19,"column":53},"end":{"line":20,"column":null}},"type":"cond-expr","locations":[{"start":{"line":20,"column":48},"end":{"line":20,"column":null}},{"start":{"line":20,"column":48},"end":{"line":20,"column":null}}]},"4":{"loc":{"start":{"line":19,"column":53},"end":{"line":20,"column":48}},"type":"binary-expr","locations":[{"start":{"line":19,"column":53},"end":{"line":20,"column":null}},{"start":{"line":20,"column":42},"end":{"line":20,"column":48}}]},"5":{"loc":{"start":{"line":20,"column":48},"end":{"line":21,"column":null}},"type":"cond-expr","locations":[{"start":{"line":21,"column":57},"end":{"line":21,"column":null}},{"start":{"line":21,"column":57},"end":{"line":21,"column":null}}]},"6":{"loc":{"start":{"line":20,"column":48},"end":{"line":21,"column":57}},"type":"binary-expr","locations":[{"start":{"line":20,"column":48},"end":{"line":21,"column":null}},{"start":{"line":21,"column":48},"end":{"line":21,"column":57}}]},"7":{"loc":{"start":{"line":21,"column":57},"end":{"line":22,"column":null}},"type":"cond-expr","locations":[{"start":{"line":22,"column":64},"end":{"line":22,"column":null}},{"start":{"line":22,"column":64},"end":{"line":22,"column":null}}]},"8":{"loc":{"start":{"line":21,"column":57},"end":{"line":22,"column":64}},"type":"binary-expr","locations":[{"start":{"line":21,"column":57},"end":{"line":22,"column":null}},{"start":{"line":22,"column":53},"end":{"line":22,"column":64}}]},"9":{"loc":{"start":{"line":22,"column":64},"end":{"line":23,"column":null}},"type":"cond-expr","locations":[{"start":{"line":23,"column":48},"end":{"line":23,"column":null}},{"start":{"line":23,"column":48},"end":{"line":23,"column":null}}]},"10":{"loc":{"start":{"line":22,"column":64},"end":{"line":23,"column":48}},"type":"binary-expr","locations":[{"start":{"line":22,"column":64},"end":{"line":23,"column":null}},{"start":{"line":23,"column":42},"end":{"line":23,"column":48}}]},"11":{"loc":{"start":{"line":23,"column":48},"end":{"line":26,"column":null}},"type":"cond-expr","locations":[{"start":{"line":26,"column":67},"end":{"line":26,"column":null}},{"start":{"line":26,"column":67},"end":{"line":26,"column":null}}]},"12":{"loc":{"start":{"line":23,"column":48},"end":{"line":26,"column":67}},"type":"binary-expr","locations":[{"start":{"line":23,"column":48},"end":{"line":26,"column":null}},{"start":{"line":26,"column":52},"end":{"line":26,"column":67}}]},"13":{"loc":{"start":{"line":26,"column":67},"end":{"line":27,"column":null}},"type":"cond-expr","locations":[{"start":{"line":27,"column":61},"end":{"line":27,"column":null}},{"start":{"line":27,"column":61},"end":{"line":27,"column":null}}]},"14":{"loc":{"start":{"line":26,"column":67},"end":{"line":27,"column":61}},"type":"binary-expr","locations":[{"start":{"line":26,"column":67},"end":{"line":27,"column":null}},{"start":{"line":27,"column":48},"end":{"line":27,"column":61}}]},"15":{"loc":{"start":{"line":27,"column":61},"end":{"line":28,"column":null}},"type":"cond-expr","locations":[{"start":{"line":28,"column":70},"end":{"line":28,"column":null}},{"start":{"line":28,"column":70},"end":{"line":28,"column":null}}]},"16":{"loc":{"start":{"line":27,"column":61},"end":{"line":28,"column":70}},"type":"binary-expr","locations":[{"start":{"line":27,"column":61},"end":{"line":28,"column":null}},{"start":{"line":28,"column":54},"end":{"line":28,"column":70}}]}},"s":{"0":0,"1":0,"2":0,"3":0,"4":0,"5":0,"6":0,"7":0,"8":0,"9":0,"10":0,"11":0,"12":0,"13":0,"14":0,"15":0,"16":0,"17":0,"18":0,"19":0,"20":0,"21":0,"22":0,"23":0,"24":0,"25":0,"26":0,"27":0,"28":0,"29":0,"30":0,"31":0,"32":0,"33":0,"34":0,"35":0,"36":0},"f":{"0":0,"1":0,"2":0,"3":0,"4":0},"b":{"0":[0,0],"1":[0,0],"2":[0,0],"3":[0,0],"4":[0,0],"5":[0,0],"6":[0,0],"7":[0,0],"8":[0,0],"9":[0,0],"10":[0,0],"11":[0,0],"12":[0,0],"13":[0,0],"14":[0,0],"15":[0,0],"16":[0,0]}},"/Users/anirudh/quizizz/mail-service/src/routes/kafka/index.ts":{"path":"/Users/anirudh/quizizz/mail-service/src/routes/kafka/index.ts","statementMap":{"0":{"start":{"line":1,"column":0},"end":{"line":1,"column":68}},"1":{"start":{"line":2,"column":0},"end":{"line":2,"column":62}},"2":{"start":{"line":3,"column":0},"end":{"line":3,"column":72}},"3":{"start":{"line":4,"column":0},"end":{"line":4,"column":68}},"4":{"start":{"line":5,"column":0},"end":{"line":5,"column":36}},"5":{"start":{"line":6,"column":0},"end":{"line":6,"column":42}},"6":{"start":{"line":7,"column":0},"end":{"line":7,"column":33}},"7":{"start":{"line":8,"column":0},"end":{"line":8,"column":47}},"8":{"start":{"line":11,"column":0},"end":{"line":68,"column":null}},"9":{"start":{"line":13,"column":46},"end":{"line":13,"column":55}},"10":{"start":{"line":14,"column":33},"end":{"line":14,"column":40}},"11":{"start":{"line":15,"column":34},"end":{"line":15,"column":42}},"12":{"start":{"line":16,"column":43},"end":{"line":16,"column":59}},"13":{"start":{"line":17,"column":43},"end":{"line":17,"column":59}},"14":{"start":{"line":19,"column":12},"end":{"line":19,"column":35}},"15":{"start":{"line":20,"column":45},"end":{"line":20,"column":63}},"16":{"start":{"line":24,"column":19},"end":{"line":24,"column":65}},"17":{"start":{"line":25,"column":21},"end":{"line":25,"column":59}},"18":{"start":{"line":26,"column":4},"end":{"line":35,"column":7}},"19":{"start":{"line":27,"column":6},"end":{"line":34,"column":null}},"20":{"start":{"line":28,"column":21},"end":{"line":28,"column":30}},"21":{"start":{"line":29,"column":22},"end":{"line":29,"column":31}},"22":{"start":{"line":30,"column":8},"end":{"line":30,"column":48}},"23":{"start":{"line":31,"column":8},"end":{"line":31,"column":73}},"24":{"start":{"line":33,"column":8},"end":{"line":33,"column":31}},"25":{"start":{"line":42,"column":4},"end":{"line":42,"column":71}},"26":{"start":{"line":50,"column":19},"end":{"line":50,"column":27}},"27":{"start":{"line":51,"column":4},"end":{"line":51,"column":78}},"28":{"start":{"line":52,"column":4},"end":{"line":55,"column":6}},"29":{"start":{"line":56,"column":4},"end":{"line":59,"column":6}},"30":{"start":{"line":60,"column":4},"end":{"line":60,"column":18}},"31":{"start":{"line":64,"column":17},"end":{"line":64,"column":25}},"32":{"start":{"line":65,"column":4},"end":{"line":65,"column":37}},"33":{"start":{"line":66,"column":4},"end":{"line":66,"column":16}},"34":{"start":{"line":11,"column":13},"end":{"line":68,"column":null}},"35":{"start":{"line":11,"column":13},"end":{"line":11,"column":24}}},"fnMap":{"0":{"name":"(anonymous_5)","decl":{"start":{"line":12,"column":2},"end":{"line":12,"column":null}},"loc":{"start":{"line":20,"column":79},"end":{"line":21,"column":6}}},"1":{"name":"(anonymous_6)","decl":{"start":{"line":23,"column":2},"end":{"line":23,"column":7}},"loc":{"start":{"line":23,"column":63},"end":{"line":36,"column":3}}},"2":{"name":"(anonymous_7)","decl":{"start":{"line":26,"column":20},"end":{"line":26,"column":25}},"loc":{"start":{"line":26,"column":34},"end":{"line":35,"column":5}}},"3":{"name":"(anonymous_8)","decl":{"start":{"line":41,"column":2},"end":{"line":41,"column":7}},"loc":{"start":{"line":41,"column":25},"end":{"line":43,"column":3}}},"4":{"name":"(anonymous_9)","decl":{"start":{"line":49,"column":2},"end":{"line":49,"column":6}},"loc":{"start":{"line":49,"column":6},"end":{"line":61,"column":3}}},"5":{"name":"(anonymous_10)","decl":{"start":{"line":63,"column":2},"end":{"line":63,"column":16}},"loc":{"start":{"line":63,"column":16},"end":{"line":67,"column":3}}}},"branchMap":{"0":{"loc":{"start":{"line":13,"column":55},"end":{"line":13,"column":null}},"type":"cond-expr","locations":[{"start":{"line":13,"column":72},"end":{"line":13,"column":null}},{"start":{"line":13,"column":72},"end":{"line":13,"column":null}}]},"1":{"loc":{"start":{"line":13,"column":55},"end":{"line":13,"column":72}},"type":"binary-expr","locations":[{"start":{"line":13,"column":55},"end":{"line":13,"column":null}},{"start":{"line":13,"column":55},"end":{"line":13,"column":72}}]},"2":{"loc":{"start":{"line":13,"column":72},"end":{"line":14,"column":null}},"type":"cond-expr","locations":[{"start":{"line":14,"column":53},"end":{"line":14,"column":null}},{"start":{"line":14,"column":53},"end":{"line":14,"column":null}}]},"3":{"loc":{"start":{"line":13,"column":72},"end":{"line":14,"column":53}},"type":"binary-expr","locations":[{"start":{"line":13,"column":72},"end":{"line":14,"column":null}},{"start":{"line":14,"column":40},"end":{"line":14,"column":53}}]},"4":{"loc":{"start":{"line":14,"column":53},"end":{"line":15,"column":null}},"type":"cond-expr","locations":[{"start":{"line":15,"column":48},"end":{"line":15,"column":null}},{"start":{"line":15,"column":48},"end":{"line":15,"column":null}}]},"5":{"loc":{"start":{"line":14,"column":53},"end":{"line":15,"column":48}},"type":"binary-expr","locations":[{"start":{"line":14,"column":53},"end":{"line":15,"column":null}},{"start":{"line":15,"column":42},"end":{"line":15,"column":48}}]},"6":{"loc":{"start":{"line":15,"column":48},"end":{"line":16,"column":null}},"type":"cond-expr","locations":[{"start":{"line":16,"column":73},"end":{"line":16,"column":null}},{"start":{"line":16,"column":73},"end":{"line":16,"column":null}}]},"7":{"loc":{"start":{"line":15,"column":48},"end":{"line":16,"column":73}},"type":"binary-expr","locations":[{"start":{"line":15,"column":48},"end":{"line":16,"column":null}},{"start":{"line":16,"column":59},"end":{"line":16,"column":73}}]},"8":{"loc":{"start":{"line":16,"column":73},"end":{"line":17,"column":null}},"type":"cond-expr","locations":[{"start":{"line":17,"column":73},"end":{"line":17,"column":null}},{"start":{"line":17,"column":73},"end":{"line":17,"column":null}}]},"9":{"loc":{"start":{"line":16,"column":73},"end":{"line":17,"column":73}},"type":"binary-expr","locations":[{"start":{"line":16,"column":73},"end":{"line":17,"column":null}},{"start":{"line":17,"column":59},"end":{"line":17,"column":73}}]},"10":{"loc":{"start":{"line":17,"column":73},"end":{"line":19,"column":null}},"type":"cond-expr","locations":[{"start":{"line":19,"column":49},"end":{"line":19,"column":null}},{"start":{"line":19,"column":49},"end":{"line":19,"column":null}}]},"11":{"loc":{"start":{"line":17,"column":73},"end":{"line":19,"column":49}},"type":"binary-expr","locations":[{"start":{"line":17,"column":73},"end":{"line":19,"column":null}},{"start":{"line":19,"column":35},"end":{"line":19,"column":49}}]},"12":{"loc":{"start":{"line":19,"column":49},"end":{"line":20,"column":null}},"type":"cond-expr","locations":[{"start":{"line":20,"column":79},"end":{"line":20,"column":null}},{"start":{"line":20,"column":79},"end":{"line":20,"column":null}}]},"13":{"loc":{"start":{"line":19,"column":49},"end":{"line":20,"column":79}},"type":"binary-expr","locations":[{"start":{"line":19,"column":49},"end":{"line":20,"column":null}},{"start":{"line":20,"column":63},"end":{"line":20,"column":79}}]}},"s":{"0":0,"1":0,"2":0,"3":0,"4":0,"5":0,"6":0,"7":0,"8":0,"9":0,"10":0,"11":0,"12":0,"13":0,"14":0,"15":0,"16":0,"17":0,"18":0,"19":0,"20":0,"21":0,"22":0,"23":0,"24":0,"25":0,"26":0,"27":0,"28":0,"29":0,"30":0,"31":0,"32":0,"33":0,"34":0,"35":0},"f":{"0":0,"1":0,"2":0,"3":0,"4":0,"5":0},"b":{"0":[0,0],"1":[0,0],"2":[0,0],"3":[0,0],"4":[0,0],"5":[0,0],"6":[0,0],"7":[0,0],"8":[0,0],"9":[0,0],"10":[0,0],"11":[0,0],"12":[0,0],"13":[0,0]}}}}